INFO  started: Metals version 0.8.0 in workspace 'C:\Users\dell\Desktop\play\trek-app\trek'
INFO  time: initialize in 0.81s
INFO  started: Metals version 0.8.0 in workspace 'C:\Users\dell\Desktop\play\trek-app\trek'
INFO  time: initialize in 1.72s
INFO  skipping build import with status 'Requested'
WARN  no build target for: C:\Users\dell\Desktop\play\trek-app\trek\app\controllers\HomeController.scala
INFO  started: Metals version 0.8.0 in workspace 'C:\Users\dell\Desktop\play\trek-app\trek'
INFO  time: initialize in 1.63s
INFO  skipping build import with status 'Requested'
WARN  no build target for: C:\Users\dell\Desktop\play\trek-app\trek\app\controllers\HomeController.scala
INFO  started: Metals version 0.8.0 in workspace 'C:\Users\dell\Desktop\play\trek-app\trek'
INFO  time: initialize in 2.03s
INFO  skipping build import with status 'Requested'
INFO  skipping build import with status 'Requested'
INFO  running 'C:\Program Files\Java\jdk1.8.0_201\bin\java -Djline.terminal=jline.UnsupportedTerminal -Dsbt.log.noformat=true -Dfile.encoding=UTF-8 -jar C:\Users\dell\AppData\Local\Temp\metals7839739694125466859\sbt-launch.jar set bloopExportJarClassifiers in Global := Some(Set("sources")) bloopInstall'
INFO  [info] Loading global plugins from C:\Users\dell\.sbt\1.0\plugins
INFO  [info] Loading settings for project trek-build from metals.sbt,plugins.sbt ...
INFO  [info] Loading project definition from C:\Users\dell\Desktop\play\trek-app\trek\project
INFO  [warn] There may be incompatibilities among your library dependencies; run 'evicted' to see detailed eviction warnings.
INFO  [info] Loading settings for project root from build.sbt ...
INFO  [info] Set current project to trek (in build file:/C:/Users/dell/Desktop/play/trek-app/trek/)
INFO  [info] Defining Global / bloopExportJarClassifiers
INFO  [info] The new value will be used by ThisBuild / bloopExportJarClassifiers
INFO  [info] Reapplying settings...
INFO  [info] Set current project to trek (in build file:/C:/Users/dell/Desktop/play/trek-app/trek/)
INFO  [warn] There may be incompatibilities among your library dependencies; run 'evicted' to see detailed eviction warnings.
INFO  [error] lmcoursier.internal.shaded.coursier.error.FetchError$DownloadingArtifacts: Error fetching artifacts:
INFO  [error] https://repo1.maven.org/maven2/org/scala-sbt/test-interface/1.0/test-interface-1.0-sources.jar: download error: Caught java.net.UnknownHostException: repo1.maven.org (repo1.maven.org) while downloading https://repo1.maven.org/maven2/org/scala-sbt/test-interface/1.0/test-interface-1.0-sources.jar
INFO  [error] https://repo1.maven.org/maven2/com/google/errorprone/error_prone_annotations/2.3.2/error_prone_annotations-2.3.2-sources.jar: download error: Caught java.net.UnknownHostException: repo1.maven.org (repo1.maven.org) while downloading https://repo1.maven.org/maven2/com/google/errorprone/error_prone_annotations/2.3.2/error_prone_annotations-2.3.2-sources.jar
INFO  [error] https://repo1.maven.org/maven2/xml-apis/xml-apis/1.4.01/xml-apis-1.4.01-sources.jar: download error: Caught java.net.UnknownHostException: repo1.maven.org (repo1.maven.org) while downloading https://repo1.maven.org/maven2/xml-apis/xml-apis/1.4.01/xml-apis-1.4.01-sources.jar
INFO  [error] https://repo1.maven.org/maven2/net/sourceforge/htmlunit/htmlunit-cssparser/1.5.0/htmlunit-cssparser-1.5.0-sources.jar: download error: Caught java.net.UnknownHostException: repo1.maven.org (repo1.maven.org) while downloading https://repo1.maven.org/maven2/net/sourceforge/htmlunit/htmlunit-cssparser/1.5.0/htmlunit-cssparser-1.5.0-sources.jar
INFO  [error] https://repo1.maven.org/maven2/org/eclipse/jetty/websocket/websocket-client/9.4.20.v20190813/websocket-client-9.4.20.v20190813-sources.jar: download error: Caught java.net.UnknownHostException: repo1.maven.org (repo1.maven.org) while downloading https://repo1.maven.org/maven2/org/eclipse/jetty/websocket/websocket-client/9.4.20.v20190813/websocket-client-9.4.20.v20190813-sources.jar
INFO  [error] https://repo1.maven.org/maven2/com/fasterxml/jackson/module/jackson-module-parameter-names/2.10.1/jackson-module-parameter-names-2.10.1-sources.jar: download error: Caught java.net.UnknownHostException: repo1.maven.org (repo1.maven.org) while downloading https://repo1.maven.org/maven2/com/fasterxml/jackson/module/jackson-module-parameter-names/2.10.1/jackson-module-parameter-names-2.10.1-sources.jar
INFO  [error] https://repo1.maven.org/maven2/jakarta/activation/jakarta.activation-api/1.2.1/jakarta.activation-api-1.2.1-sources.jar: download error: Caught java.net.UnknownHostException: repo1.maven.org (repo1.maven.org) while downloading https://repo1.maven.org/maven2/jakarta/activation/jakarta.activation-api/1.2.1/jakarta.activation-api-1.2.1-sources.jar
INFO  [error] https://repo1.maven.org/maven2/com/typesafe/play/play-ws-standalone-xml_2.13/2.1.2/play-ws-standalone-xml_2.13-2.1.2-sources.jar: download error: Caught java.net.UnknownHostException: repo1.maven.org (repo1.maven.org) while downloading https://repo1.maven.org/maven2/com/typesafe/play/play-ws-standalone-xml_2.13/2.1.2/play-ws-standalone-xml_2.13-2.1.2-sources.jar
INFO  [error] https://repo1.maven.org/maven2/com/fasterxml/jackson/core/jackson-annotations/2.10.1/jackson-annotations-2.10.1-sources.jar: download error: Caught java.net.ConnectException: Connection timed out: connect (Connection timed out: connect) while downloading https://repo1.maven.org/maven2/com/fasterxml/jackson/core/jackson-annotations/2.10.1/jackson-annotations-2.10.1-sources.jar
INFO  [error] https://repo1.maven.org/maven2/junit/junit/4.12/junit-4.12-sources.jar: download error: Caught java.net.ConnectException: Connection timed out: connect (Connection timed out: connect) while downloading https://repo1.maven.org/maven2/junit/junit/4.12/junit-4.12-sources.jar
INFO  [error] https://repo1.maven.org/maven2/com/google/protobuf/protobuf-java/3.10.0/protobuf-java-3.10.0-sources.jar: download error: Caught java.net.ConnectException: Connection timed out: connect (Connection timed out: connect) while downloading https://repo1.maven.org/maven2/com/google/protobuf/protobuf-java/3.10.0/protobuf-java-3.10.0-sources.jar
INFO  [error] https://repo1.maven.org/maven2/com/typesafe/play/play-slick-evolutions_2.13/5.0.0/play-slick-evolutions_2.13-5.0.0-sources.jar: download error: Caught java.net.UnknownHostException: repo1.maven.org (repo1.maven.org) while downloading https://repo1.maven.org/maven2/com/typesafe/play/play-slick-evolutions_2.13/5.0.0/play-slick-evolutions_2.13-5.0.0-sources.jar
INFO  [error] https://repo1.maven.org/maven2/jakarta/transaction/jakarta.transaction-api/1.3.3/jakarta.transaction-api-1.3.3-sources.jar: download error: Caught java.net.ConnectException: Connection timed out: connect (Connection timed out: connect) while downloading https://repo1.maven.org/maven2/jakarta/transaction/jakarta.transaction-api/1.3.3/jakarta.transaction-api-1.3.3-sources.jar
INFO  [error] https://repo1.maven.org/maven2/com/google/j2objc/j2objc-annotations/1.3/j2objc-annotations-1.3-sources.jar: download error: Caught java.net.UnknownHostException: repo1.maven.org (repo1.maven.org) while downloading https://repo1.maven.org/maven2/com/google/j2objc/j2objc-annotations/1.3/j2objc-annotations-1.3-sources.jar
INFO  [error] https://repo1.maven.org/maven2/com/google/guava/guava/28.1-jre/guava-28.1-jre-sources.jar: download error: Caught java.net.ConnectException: Connection timed out: connect (Connection timed out: connect) while downloading https://repo1.maven.org/maven2/com/google/guava/guava/28.1-jre/guava-28.1-jre-sources.jar
INFO  [error] https://repo1.maven.org/maven2/org/seleniumhq/selenium/selenium-support/3.141.59/selenium-support-3.141.59-sources.jar: download error: Caught java.net.ConnectException: Connection timed out: connect (Connection timed out: connect) while downloading https://repo1.maven.org/maven2/org/seleniumhq/selenium/selenium-support/3.141.59/selenium-support-3.141.59-sources.jar
INFO  [error] https://repo1.maven.org/maven2/org/seleniumhq/selenium/selenium-remote-driver/3.141.59/selenium-remote-driver-3.141.59-sources.jar: download error: Caught java.net.UnknownHostException: repo1.maven.org (repo1.maven.org) while downloading https://repo1.maven.org/maven2/org/seleniumhq/selenium/selenium-remote-driver/3.141.59/selenium-remote-driver-3.141.59-sources.jar
INFO  [error] https://repo1.maven.org/maven2/com/typesafe/play/shaded-oauth/2.1.2/shaded-oauth-2.1.2-sources.jar: download error: Caught java.net.UnknownHostException: repo1.maven.org (repo1.maven.org) while downloading https://repo1.maven.org/maven2/com/typesafe/play/shaded-oauth/2.1.2/shaded-oauth-2.1.2-sources.jar
INFO  [error] https://repo1.maven.org/maven2/org/seleniumhq/selenium/selenium-safari-driver/3.141.59/selenium-safari-driver-3.141.59-sources.jar: download error: Caught java.net.UnknownHostException: repo1.maven.org (repo1.maven.org) while downloading https://repo1.maven.org/maven2/org/seleniumhq/selenium/selenium-safari-driver/3.141.59/selenium-safari-driver-3.141.59-sources.jar
INFO  [error] https://repo1.maven.org/maven2/com/novocode/junit-interface/0.11/junit-interface-0.11-sources.jar: download error: Caught java.net.UnknownHostException: repo1.maven.org (repo1.maven.org) while downloading https://repo1.maven.org/maven2/com/novocode/junit-interface/0.11/junit-interface-0.11-sources.jar
INFO  [error] https://repo1.maven.org/maven2/com/fasterxml/jackson/datatype/jackson-datatype-jdk8/2.10.1/jackson-datatype-jdk8-2.10.1-sources.jar: download error: Caught java.net.UnknownHostException: repo1.maven.org (repo1.maven.org) while downloading https://repo1.maven.org/maven2/com/fasterxml/jackson/datatype/jackson-datatype-jdk8/2.10.1/jackson-datatype-jdk8-2.10.1-sources.jar
INFO  [error] https://repo1.maven.org/maven2/org/eclipse/jetty/jetty-client/9.4.20.v20190813/jetty-client-9.4.20.v20190813-sources.jar: download error: Caught java.net.UnknownHostException: repo1.maven.org (repo1.maven.org) while downloading https://repo1.maven.org/maven2/org/eclipse/jetty/jetty-client/9.4.20.v20190813/jetty-client-9.4.20.v20190813-sources.jar
INFO  [error] https://repo1.maven.org/maven2/com/google/guava/failureaccess/1.0.1/failureaccess-1.0.1-sources.jar: download error: Caught java.net.UnknownHostException: repo1.maven.org (repo1.maven.org) while downloading https://repo1.maven.org/maven2/com/google/guava/failureaccess/1.0.1/failureaccess-1.0.1-sources.jar
INFO  [error] https://repo1.maven.org/maven2/xalan/xalan/2.7.2/xalan-2.7.2-sources.jar: download error: Caught java.net.UnknownHostException: repo1.maven.org (repo1.maven.org) while downloading https://repo1.maven.org/maven2/xalan/xalan/2.7.2/xalan-2.7.2-sources.jar
INFO  [error] https://repo1.maven.org/maven2/org/eclipse/jetty/jetty-xml/9.4.20.v20190813/jetty-xml-9.4.20.v20190813-sources.jar: download error: Caught java.net.UnknownHostException: repo1.maven.org (repo1.maven.org) while downloading https://repo1.maven.org/maven2/org/eclipse/jetty/jetty-xml/9.4.20.v20190813/jetty-xml-9.4.20.v20190813-sources.jar
INFO  [error] https://repo1.maven.org/maven2/com/typesafe/play/play-jdbc-evolutions_2.13/2.8.0/play-jdbc-evolutions_2.13-2.8.0-sources.jar: download error: Caught java.net.UnknownHostException: repo1.maven.org (repo1.maven.org) while downloading https://repo1.maven.org/maven2/com/typesafe/play/play-jdbc-evolutions_2.13/2.8.0/play-jdbc-evolutions_2.13-2.8.0-sources.jar
INFO  [error] https://repo1.maven.org/maven2/com/google/inject/guice/4.2.2/guice-4.2.2-sources.jar: download error: Caught java.net.UnknownHostException: repo1.maven.org (repo1.maven.org) while downloading https://repo1.maven.org/maven2/com/google/inject/guice/4.2.2/guice-4.2.2-sources.jar
INFO  [error] https://repo1.maven.org/maven2/org/eclipse/jetty/jetty-util/9.4.20.v20190813/jetty-util-9.4.20.v20190813-sources.jar: download error: Caught java.net.UnknownHostException: repo1.maven.org (repo1.maven.org) while downloading https://repo1.maven.org/maven2/org/eclipse/jetty/jetty-util/9.4.20.v20190813/jetty-util-9.4.20.v20190813-sources.jar
INFO  [error] https://repo1.maven.org/maven2/org/eclipse/jetty/websocket/websocket-api/9.4.20.v20190813/websocket-api-9.4.20.v20190813-sources.jar: download error: Caught java.net.UnknownHostException: repo1.maven.org (repo1.maven.org) while downloading https://repo1.maven.org/maven2/org/eclipse/jetty/websocket/websocket-api/9.4.20.v20190813/websocket-api-9.4.20.v20190813-sources.jar
INFO  [error] https://repo1.maven.org/maven2/org/seleniumhq/selenium/selenium-ie-driver/3.141.59/selenium-ie-driver-3.141.59-sources.jar: download error: Caught java.net.UnknownHostException: repo1.maven.org (repo1.maven.org) while downloading https://repo1.maven.org/maven2/org/seleniumhq/selenium/selenium-ie-driver/3.141.59/selenium-ie-driver-3.141.59-sources.jar
INFO  [error] https://repo1.maven.org/maven2/org/slf4j/jcl-over-slf4j/1.7.29/jcl-over-slf4j-1.7.29-sources.jar: download error: Caught java.net.UnknownHostException: repo1.maven.org (repo1.maven.org) while downloading https://repo1.maven.org/maven2/org/slf4j/jcl-over-slf4j/1.7.29/jcl-over-slf4j-1.7.29-sources.jar
INFO  [error] https://repo1.maven.org/maven2/com/fasterxml/jackson/datatype/jackson-datatype-jsr310/2.10.1/jackson-datatype-jsr310-2.10.1-sources.jar: download error: Caught java.net.UnknownHostException: repo1.maven.org (repo1.maven.org) while downloading https://repo1.maven.org/maven2/com/fasterxml/jackson/datatype/jackson-datatype-jsr310/2.10.1/jackson-datatype-jsr310-2.10.1-sources.jar
INFO  [error] https://repo1.maven.org/maven2/org/seleniumhq/selenium/selenium-api/3.141.59/selenium-api-3.141.59-sources.jar: download error: Caught java.net.UnknownHostException: repo1.maven.org (repo1.maven.org) while downloading https://repo1.maven.org/maven2/org/seleniumhq/selenium/selenium-api/3.141.59/selenium-api-3.141.59-sources.jar
INFO  [error] https://repo1.maven.org/maven2/com/typesafe/play/cachecontrol_2.13/2.0.0/cachecontrol_2.13-2.0.0-sources.jar: download error: Caught java.net.UnknownHostException: repo1.maven.org (repo1.maven.org) while downloading https://repo1.maven.org/maven2/com/typesafe/play/cachecontrol_2.13/2.0.0/cachecontrol_2.13-2.0.0-sources.jar
INFO  [error] https://repo1.maven.org/maven2/org/apache/httpcomponents/httpcore/4.4.11/httpcore-4.4.11-sources.jar: download error: Caught java.net.UnknownHostException: repo1.maven.org (repo1.maven.org) while downloading https://repo1.maven.org/maven2/org/apache/httpcomponents/httpcore/4.4.11/httpcore-4.4.11-sources.jar
INFO  [error] https://repo1.maven.org/maven2/com/typesafe/play/play-akka-http-server_2.13/2.8.0/play-akka-http-server_2.13-2.8.0-sources.jar: download error: Caught java.net.UnknownHostException: repo1.maven.org (repo1.maven.org) while downloading https://repo1.maven.org/maven2/com/typesafe/play/play-akka-http-server_2.13/2.8.0/play-akka-http-server_2.13-2.8.0-sources.jar
INFO  [error] https://repo1.maven.org/maven2/com/typesafe/ssl-config-core_2.13/0.4.1/ssl-config-core_2.13-0.4.1-sources.jar: download error: Caught java.net.UnknownHostException: repo1.maven.org (repo1.maven.org) while downloading https://repo1.maven.org/maven2/com/typesafe/ssl-config-core_2.13/0.4.1/ssl-config-core_2.13-0.4.1-sources.jar
INFO  [error] https://repo1.maven.org/maven2/org/seleniumhq/selenium/selenium-opera-driver/3.141.59/selenium-opera-driver-3.141.59-sources.jar: download error: Caught java.net.UnknownHostException: repo1.maven.org (repo1.maven.org) while downloading https://repo1.maven.org/maven2/org/seleniumhq/selenium/selenium-opera-driver/3.141.59/selenium-opera-driver-3.141.59-sources.jar
INFO  [error] https://repo1.maven.org/maven2/com/fasterxml/jackson/module/jackson-module-scala_2.13/2.10.1/jackson-module-scala_2.13-2.10.1-sources.jar: download error: Caught java.net.UnknownHostException: repo1.maven.org (repo1.maven.org) while downloading https://repo1.maven.org/maven2/com/fasterxml/jackson/module/jackson-module-scala_2.13/2.10.1/jackson-module-scala_2.13-2.10.1-sources.jar
INFO  [error] https://repo1.maven.org/maven2/org/apache/commons/commons-exec/1.3/commons-exec-1.3-sources.jar: download error: Caught java.net.UnknownHostException: repo1.maven.org (repo1.maven.org) while downloading https://repo1.maven.org/maven2/org/apache/commons/commons-exec/1.3/commons-exec-1.3-sources.jar
INFO  [error] https://repo1.maven.org/maven2/com/typesafe/play/play-logback_2.13/2.8.0/play-logback_2.13-2.8.0-sources.jar: download error: Caught java.net.UnknownHostException: repo1.maven.org (repo1.maven.org) while downloading https://repo1.maven.org/maven2/com/typesafe/play/play-logback_2.13/2.8.0/play-logback_2.13-2.8.0-sources.jar
INFO  [error] https://repo1.maven.org/maven2/com/google/inject/extensions/guice-assistedinject/4.2.2/guice-assistedinject-4.2.2-sources.jar: download error: Caught java.net.UnknownHostException: repo1.maven.org (repo1.maven.org) while downloading https://repo1.maven.org/maven2/com/google/inject/extensions/guice-assistedinject/4.2.2/guice-assistedinject-4.2.2-sources.jar
INFO  [error] https://repo1.maven.org/maven2/com/typesafe/play/play-functional_2.13/2.8.1/play-functional_2.13-2.8.1-sources.jar: download error: Caught java.net.UnknownHostException: repo1.maven.org (repo1.maven.org) while downloading https://repo1.maven.org/maven2/com/typesafe/play/play-functional_2.13/2.8.1/play-functional_2.13-2.8.1-sources.jar
INFO  [error] https://repo1.maven.org/maven2/org/scala-lang/modules/scala-collection-compat_2.13/2.0.0/scala-collection-compat_2.13-2.0.0-sources.jar: download error: Caught java.net.UnknownHostException: repo1.maven.org (repo1.maven.org) while downloading https://repo1.maven.org/maven2/org/scala-lang/modules/scala-collection-compat_2.13/2.0.0/scala-collection-compat_2.13-2.0.0-sources.jar
INFO  [error] https://repo1.maven.org/maven2/com/fasterxml/jackson/core/jackson-databind/2.10.1/jackson-databind-2.10.1-sources.jar: download error: Caught java.net.UnknownHostException: repo1.maven.org (repo1.maven.org) while downloading https://repo1.maven.org/maven2/com/fasterxml/jackson/core/jackson-databind/2.10.1/jackson-databind-2.10.1-sources.jar
INFO  [error] https://repo1.maven.org/maven2/com/zaxxer/HikariCP/3.2.0/HikariCP-3.2.0-sources.jar: download error: Caught java.net.UnknownHostException: repo1.maven.org (repo1.maven.org) while downloading https://repo1.maven.org/maven2/com/zaxxer/HikariCP/3.2.0/HikariCP-3.2.0-sources.jar
INFO  [error] https://repo1.maven.org/maven2/com/typesafe/play/play-test_2.13/2.8.0/play-test_2.13-2.8.0-sources.jar: download error: Caught java.net.UnknownHostException: repo1.maven.org (repo1.maven.org) while downloading https://repo1.maven.org/maven2/com/typesafe/play/play-test_2.13/2.8.0/play-test_2.13-2.8.0-sources.jar
INFO  [error] https://repo1.maven.org/maven2/javax/cache/cache-api/1.1.1/cache-api-1.1.1-sources.jar: download error: Caught java.net.UnknownHostException: repo1.maven.org (repo1.maven.org) while downloading https://repo1.maven.org/maven2/javax/cache/cache-api/1.1.1/cache-api-1.1.1-sources.jar
INFO  [error] https://repo1.maven.org/maven2/org/atteo/classindex/classindex/3.4/classindex-3.4-sources.jar: download error: Caught java.net.UnknownHostException: repo1.maven.org (repo1.maven.org) while downloading https://repo1.maven.org/maven2/org/atteo/classindex/classindex/3.4/classindex-3.4-sources.jar
INFO  [error] https://repo1.maven.org/maven2/com/typesafe/play/play-ws_2.13/2.8.0/play-ws_2.13-2.8.0-sources.jar: download error: Caught java.net.UnknownHostException: repo1.maven.org (repo1.maven.org) while downloading https://repo1.maven.org/maven2/com/typesafe/play/play-ws_2.13/2.8.0/play-ws_2.13-2.8.0-sources.jar
INFO  [error] https://repo1.maven.org/maven2/commons-net/commons-net/3.6/commons-net-3.6-sources.jar: download error: Caught java.net.UnknownHostException: repo1.maven.org (repo1.maven.org) while downloading https://repo1.maven.org/maven2/commons-net/commons-net/3.6/commons-net-3.6-sources.jar
INFO  [error] https://repo1.maven.org/maven2/org/slf4j/jul-to-slf4j/1.7.29/jul-to-slf4j-1.7.29-sources.jar: download error: Caught java.net.UnknownHostException: repo1.maven.org (repo1.maven.org) while downloading https://repo1.maven.org/maven2/org/slf4j/jul-to-slf4j/1.7.29/jul-to-slf4j-1.7.29-sources.jar
INFO  [error] https://repo1.maven.org/maven2/org/eclipse/jetty/jetty-io/9.4.20.v20190813/jetty-io-9.4.20.v20190813-sources.jar: download error: Caught java.net.UnknownHostException: repo1.maven.org (repo1.maven.org) while downloading https://repo1.maven.org/maven2/org/eclipse/jetty/jetty-io/9.4.20.v20190813/jetty-io-9.4.20.v20190813-sources.jar
INFO  [error] https://repo1.maven.org/maven2/com/thoughtworks/paranamer/paranamer/2.8/paranamer-2.8-sources.jar: download error: Caught java.net.UnknownHostException: repo1.maven.org (repo1.maven.org) while downloading https://repo1.maven.org/maven2/com/thoughtworks/paranamer/paranamer/2.8/paranamer-2.8-sources.jar
INFO  [error] https://repo1.maven.org/maven2/com/typesafe/akka/akka-actor_2.13/2.6.1/akka-actor_2.13-2.6.1-sources.jar: download error: Caught java.net.UnknownHostException: repo1.maven.org (repo1.maven.org) while downloading https://repo1.maven.org/maven2/com/typesafe/akka/akka-actor_2.13/2.6.1/akka-actor_2.13-2.6.1-sources.jar
INFO  [error] https://repo1.maven.org/maven2/org/reactivestreams/reactive-streams/1.0.3/reactive-streams-1.0.3-sources.jar: download error: Caught java.net.UnknownHostException: repo1.maven.org (repo1.maven.org) while downloading https://repo1.maven.org/maven2/org/reactivestreams/reactive-streams/1.0.3/reactive-streams-1.0.3-sources.jar
INFO  [error] https://repo1.maven.org/maven2/xalan/serializer/2.7.2/serializer-2.7.2-sources.jar: download error: Caught java.net.UnknownHostException: repo1.maven.org (repo1.maven.org) while downloading https://repo1.maven.org/maven2/xalan/serializer/2.7.2/serializer-2.7.2-sources.jar
INFO  [error] https://repo1.maven.org/maven2/com/typesafe/play/play-ws-standalone-json_2.13/2.1.2/play-ws-standalone-json_2.13-2.1.2-sources.jar: download error: Caught java.net.UnknownHostException: repo1.maven.org (repo1.maven.org) while downloading https://repo1.maven.org/maven2/com/typesafe/play/play-ws-standalone-json_2.13/2.1.2/play-ws-standalone-json_2.13-2.1.2-sources.jar
INFO  [error] https://repo1.maven.org/maven2/com/typesafe/akka/akka-serialization-jackson_2.13/2.6.1/akka-serialization-jackson_2.13-2.6.1-sources.jar: download error: Caught java.net.UnknownHostException: repo1.maven.org (repo1.maven.org) while downloading https://repo1.maven.org/maven2/com/typesafe/akka/akka-serialization-jackson_2.13/2.6.1/akka-serialization-jackson_2.13-2.6.1-sources.jar
INFO  [error] https://repo1.maven.org/maven2/com/typesafe/slick/slick-hikaricp_2.13/3.3.2/slick-hikaricp_2.13-3.3.2-sources.jar: download error: Caught java.net.UnknownHostException: repo1.maven.org (repo1.maven.org) while downloading https://repo1.maven.org/maven2/com/typesafe/slick/slick-hikaricp_2.13/3.3.2/slick-hikaricp_2.13-3.3.2-sources.jar
INFO  [error] https://repo1.maven.org/maven2/org/seleniumhq/selenium/selenium-chrome-driver/3.141.59/selenium-chrome-driver-3.141.59-sources.jar: download error: Caught java.net.UnknownHostException: repo1.maven.org (repo1.maven.org) while downloading https://repo1.maven.org/maven2/org/seleniumhq/selenium/selenium-chrome-driver/3.141.59/selenium-chrome-driver-3.141.59-sources.jar
INFO  [error] https://repo1.maven.org/maven2/com/typesafe/play/filters-helpers_2.13/2.8.0/filters-helpers_2.13-2.8.0-sources.jar: download error: Caught java.net.UnknownHostException: repo1.maven.org (repo1.maven.org) while downloading https://repo1.maven.org/maven2/com/typesafe/play/filters-helpers_2.13/2.8.0/filters-helpers_2.13-2.8.0-sources.jar
INFO  [error] https://repo1.maven.org/maven2/jakarta/xml/bind/jakarta.xml.bind-api/2.3.2/jakarta.xml.bind-api-2.3.2-sources.jar: download error: Caught java.net.UnknownHostException: repo1.maven.org (repo1.maven.org) while downloading https://repo1.maven.org/maven2/jakarta/xml/bind/jakarta.xml.bind-api/2.3.2/jakarta.xml.bind-api-2.3.2-sources.jar
INFO  [error] https://repo1.maven.org/maven2/org/seleniumhq/selenium/selenium-edge-driver/3.141.59/selenium-edge-driver-3.141.59-sources.jar: download error: Caught java.net.UnknownHostException: repo1.maven.org (repo1.maven.org) while downloading https://repo1.maven.org/maven2/org/seleniumhq/selenium/selenium-edge-driver/3.141.59/selenium-edge-driver-3.141.59-sources.jar
INFO  [error] https://repo1.maven.org/maven2/org/scala-lang/scala-reflect/2.13.1/scala-reflect-2.13.1-sources.jar: download error: Caught java.net.UnknownHostException: repo1.maven.org (repo1.maven.org) while downloading https://repo1.maven.org/maven2/org/scala-lang/scala-reflect/2.13.1/scala-reflect-2.13.1-sources.jar
INFO  [error] https://repo1.maven.org/maven2/com/fasterxml/jackson/dataformat/jackson-dataformat-cbor/2.10.1/jackson-dataformat-cbor-2.10.1-sources.jar: download error: Caught java.net.UnknownHostException: repo1.maven.org (repo1.maven.org) while downloading https://repo1.maven.org/maven2/com/fasterxml/jackson/dataformat/jackson-dataformat-cbor/2.10.1/jackson-dataformat-cbor-2.10.1-sources.jar
INFO  [error] https://repo1.maven.org/maven2/com/typesafe/play/play-json_2.13/2.8.1/play-json_2.13-2.8.1-sources.jar: download error: Caught java.net.UnknownHostException: repo1.maven.org (repo1.maven.org) while downloading https://repo1.maven.org/maven2/com/typesafe/play/play-json_2.13/2.8.1/play-json_2.13-2.8.1-sources.jar
INFO  [error] https://repo1.maven.org/maven2/org/apache/commons/commons-text/1.7/commons-text-1.7-sources.jar: download error: Caught java.net.UnknownHostException: repo1.maven.org (repo1.maven.org) while downloading https://repo1.maven.org/maven2/org/apache/commons/commons-text/1.7/commons-text-1.7-sources.jar
INFO  [error] https://repo1.maven.org/maven2/com/typesafe/akka/akka-parsing_2.13/10.1.11/akka-parsing_2.13-10.1.11-sources.jar: download error: Caught java.net.UnknownHostException: repo1.maven.org (repo1.maven.org) while downloading https://repo1.maven.org/maven2/com/typesafe/akka/akka-parsing_2.13/10.1.11/akka-parsing_2.13-10.1.11-sources.jar
INFO  [error] https://repo1.maven.org/maven2/org/codehaus/mojo/animal-sniffer-annotations/1.18/animal-sniffer-annotations-1.18-sources.jar: download error: Caught java.net.UnknownHostException: repo1.maven.org (repo1.maven.org) while downloading https://repo1.maven.org/maven2/org/codehaus/mojo/animal-sniffer-annotations/1.18/animal-sniffer-annotations-1.18-sources.jar
INFO  [error] https://repo1.maven.org/maven2/ch/qos/logback/logback-core/1.2.3/logback-core-1.2.3-sources.jar: download error: Caught java.net.UnknownHostException: repo1.maven.org (repo1.maven.org) while downloading https://repo1.maven.org/maven2/ch/qos/logback/logback-core/1.2.3/logback-core-1.2.3-sources.jar
INFO  [error] https://repo1.maven.org/maven2/net/sourceforge/htmlunit/neko-htmlunit/2.36.0/neko-htmlunit-2.36.0-sources.jar: download error: Caught java.net.UnknownHostException: repo1.maven.org (repo1.maven.org) while downloading https://repo1.maven.org/maven2/net/sourceforge/htmlunit/neko-htmlunit/2.36.0/neko-htmlunit-2.36.0-sources.jar
INFO  [error] https://repo1.maven.org/maven2/org/hamcrest/hamcrest-core/1.3/hamcrest-core-1.3-sources.jar: download error: Caught java.net.UnknownHostException: repo1.maven.org (repo1.maven.org) while downloading https://repo1.maven.org/maven2/org/hamcrest/hamcrest-core/1.3/hamcrest-core-1.3-sources.jar
INFO  [error] https://repo1.maven.org/maven2/xerces/xercesImpl/2.12.0/xercesImpl-2.12.0-sources.jar: download error: Caught java.net.UnknownHostException: repo1.maven.org (repo1.maven.org) while downloading https://repo1.maven.org/maven2/xerces/xercesImpl/2.12.0/xercesImpl-2.12.0-sources.jar
INFO  [error] https://repo1.maven.org/maven2/org/eclipse/jetty/websocket/websocket-common/9.4.20.v20190813/websocket-common-9.4.20.v20190813-sources.jar: download error: Caught java.net.UnknownHostException: repo1.maven.org (repo1.maven.org) while downloading https://repo1.maven.org/maven2/org/eclipse/jetty/websocket/websocket-common/9.4.20.v20190813/websocket-common-9.4.20.v20190813-sources.jar
INFO  [error] https://repo1.maven.org/maven2/com/squareup/okhttp3/okhttp/3.11.0/okhttp-3.11.0-sources.jar: download error: Caught java.net.UnknownHostException: repo1.maven.org (repo1.maven.org) while downloading https://repo1.maven.org/maven2/com/squareup/okhttp3/okhttp/3.11.0/okhttp-3.11.0-sources.jar
INFO  [error] https://repo1.maven.org/maven2/com/typesafe/slick/slick_2.13/3.3.2/slick_2.13-3.3.2-sources.jar: download error: Caught java.net.UnknownHostException: repo1.maven.org (repo1.maven.org) while downloading https://repo1.maven.org/maven2/com/typesafe/slick/slick_2.13/3.3.2/slick_2.13-3.3.2-sources.jar
INFO  [error] https://repo1.maven.org/maven2/com/typesafe/play/play-jdbc-api_2.13/2.8.0/play-jdbc-api_2.13-2.8.0-sources.jar: download error: Caught java.net.UnknownHostException: repo1.maven.org (repo1.maven.org) while downloading https://repo1.maven.org/maven2/com/typesafe/play/play-jdbc-api_2.13/2.8.0/play-jdbc-api_2.13-2.8.0-sources.jar
INFO  [error] https://repo1.maven.org/maven2/org/eclipse/jetty/jetty-http/9.4.20.v20190813/jetty-http-9.4.20.v20190813-sources.jar: download error: Caught java.net.UnknownHostException: repo1.maven.org (repo1.maven.org) while downloading https://repo1.maven.org/maven2/org/eclipse/jetty/jetty-http/9.4.20.v20190813/jetty-http-9.4.20.v20190813-sources.jar
INFO  [error] https://repo1.maven.org/maven2/org/scala-lang/scala-compiler/2.13.1/scala-compiler-2.13.1-sources.jar: download error: Caught java.net.UnknownHostException: repo1.maven.org (repo1.maven.org) while downloading https://repo1.maven.org/maven2/org/scala-lang/scala-compiler/2.13.1/scala-compiler-2.13.1-sources.jar
INFO  [error] https://repo1.maven.org/maven2/jline/jline/2.14.6/jline-2.14.6-sources.jar: download error: Caught java.net.UnknownHostException: repo1.maven.org (repo1.maven.org) while downloading https://repo1.maven.org/maven2/jline/jline/2.14.6/jline-2.14.6-sources.jar
INFO  [error] https://repo1.maven.org/maven2/org/fusesource/jansi/jansi/1.12/jansi-1.12-sources.jar: download error: Caught java.net.UnknownHostException: repo1.maven.org (repo1.maven.org) while downloading https://repo1.maven.org/maven2/org/fusesource/jansi/jansi/1.12/jansi-1.12-sources.jar
INFO  [error] https://repo1.maven.org/maven2/com/typesafe/play/play-doc_2.13/2.1.0/play-doc_2.13-2.1.0-sources.jar: download error: Caught java.net.UnknownHostException: repo1.maven.org (repo1.maven.org) while downloading https://repo1.maven.org/maven2/com/typesafe/play/play-doc_2.13/2.1.0/play-doc_2.13-2.1.0-sources.jar
INFO  [error] https://repo1.maven.org/maven2/org/pegdown/pegdown/1.6.0/pegdown-1.6.0-sources.jar: download error: Caught java.net.UnknownHostException: repo1.maven.org (repo1.maven.org) while downloading https://repo1.maven.org/maven2/org/pegdown/pegdown/1.6.0/pegdown-1.6.0-sources.jar
INFO  [error] https://repo1.maven.org/maven2/org/parboiled/parboiled-core/1.1.7/parboiled-core-1.1.7-sources.jar: download error: Caught java.net.UnknownHostException: repo1.maven.org (repo1.maven.org) while downloading https://repo1.maven.org/maven2/org/parboiled/parboiled-core/1.1.7/parboiled-core-1.1.7-sources.jar
INFO  [error] https://repo1.maven.org/maven2/org/ow2/asm/asm-util/5.0.3/asm-util-5.0.3-sources.jar: download error: Caught java.net.UnknownHostException: repo1.maven.org (repo1.maven.org) while downloading https://repo1.maven.org/maven2/org/ow2/asm/asm-util/5.0.3/asm-util-5.0.3-sources.jar
INFO  [error] https://repo1.maven.org/maven2/org/ow2/asm/asm/5.0.3/asm-5.0.3-sources.jar: download error: Caught java.net.UnknownHostException: repo1.maven.org (repo1.maven.org) while downloading https://repo1.maven.org/maven2/org/ow2/asm/asm/5.0.3/asm-5.0.3-sources.jar
INFO  [error] https://repo1.maven.org/maven2/com/typesafe/play/play-docs_2.13/2.8.0/play-docs_2.13-2.8.0-sources.jar: download error: Caught java.net.UnknownHostException: repo1.maven.org (repo1.maven.org) while downloading https://repo1.maven.org/maven2/com/typesafe/play/play-docs_2.13/2.8.0/play-docs_2.13-2.8.0-sources.jar
INFO  [error] https://repo1.maven.org/maven2/org/ow2/asm/asm-analysis/5.0.3/asm-analysis-5.0.3-sources.jar: download error: Caught java.net.UnknownHostException: repo1.maven.org (repo1.maven.org) while downloading https://repo1.maven.org/maven2/org/ow2/asm/asm-analysis/5.0.3/asm-analysis-5.0.3-sources.jar
INFO  [error] https://repo1.maven.org/maven2/org/ow2/asm/asm-tree/5.0.3/asm-tree-5.0.3-sources.jar: download error: Caught java.net.UnknownHostException: repo1.maven.org (repo1.maven.org) while downloading https://repo1.maven.org/maven2/org/ow2/asm/asm-tree/5.0.3/asm-tree-5.0.3-sources.jar
INFO  [error] https://repo1.maven.org/maven2/org/parboiled/parboiled-java/1.1.7/parboiled-java-1.1.7-sources.jar: download error: Caught java.net.UnknownHostException: repo1.maven.org (repo1.maven.org) while downloading https://repo1.maven.org/maven2/org/parboiled/parboiled-java/1.1.7/parboiled-java-1.1.7-sources.jar
INFO  [error] 
INFO  [error] 	at lmcoursier.internal.shaded.coursier.Artifacts$.$anonfun$fetchArtifacts$8(Artifacts.scala:268)
INFO  [error] 	at lmcoursier.internal.shaded.coursier.util.Task$.$anonfun$flatMap$2(Task.scala:14)
INFO  [error] 	at scala.concurrent.Future.$anonfun$flatMap$1(Future.scala:307)
INFO  [error] 	at scala.concurrent.impl.Promise.$anonfun$transformWith$1(Promise.scala:41)
INFO  [error] 	at scala.concurrent.impl.CallbackRunnable.run(Promise.scala:64)
INFO  [error] 	at java.util.concurrent.ThreadPoolExecutor.runWorker(ThreadPoolExecutor.java:1149)
INFO  [error] 	at java.util.concurrent.ThreadPoolExecutor$Worker.run(ThreadPoolExecutor.java:624)
INFO  [error] 	at java.lang.Thread.run(Thread.java:748)
INFO  [error] Caused by: lmcoursier.internal.shaded.coursier.cache.ArtifactError$DownloadError: download error: Caught java.net.UnknownHostException: repo1.maven.org (repo1.maven.org) while downloading https://repo1.maven.org/maven2/org/scala-sbt/test-interface/1.0/test-interface-1.0-sources.jar
INFO  [error] 	at lmcoursier.internal.shaded.coursier.cache.FileCache$.helper$2(FileCache.scala:1017)
INFO  [error] 	at lmcoursier.internal.shaded.coursier.cache.FileCache$.coursier$cache$FileCache$$downloading(FileCache.scala:1029)
INFO  [error] 	at lmcoursier.internal.shaded.coursier.cache.FileCache.doDownload$1(FileCache.scala:318)
INFO  [error] 	at lmcoursier.internal.shaded.coursier.cache.FileCache.$anonfun$download$54(FileCache.scala:505)
INFO  [error] 	at lmcoursier.internal.shaded.coursier.cache.CacheLocks$.loop$1(CacheLocks.scala:53)
INFO  [error] 	at lmcoursier.internal.shaded.coursier.cache.CacheLocks$.withLockOr(CacheLocks.scala:76)
INFO  [error] 	at lmcoursier.internal.shaded.coursier.cache.FileCache.$anonfun$download$32(FileCache.scala:506)
INFO  [error] 	at scala.concurrent.Future$.$anonfun$apply$1(Future.scala:659)
INFO  [error] 	at scala.util.Success.$anonfun$map$1(Try.scala:255)
INFO  [error] 	at scala.util.Success.map(Try.scala:213)
INFO  [error] 	at scala.concurrent.Future.$anonfun$map$1(Future.scala:292)
INFO  [error] 	at scala.concurrent.impl.Promise.liftedTree1$1(Promise.scala:33)
INFO  [error] 	at scala.concurrent.impl.Promise.$anonfun$transform$1(Promise.scala:33)
INFO  [error] 	at scala.concurrent.impl.CallbackRunnable.run(Promise.scala:64)
INFO  [error] 	at java.util.concurrent.ThreadPoolExecutor.runWorker(ThreadPoolExecutor.java:1149)
INFO  [error] 	at java.util.concurrent.ThreadPoolExecutor$Worker.run(ThreadPoolExecutor.java:624)
INFO  [error] 	at java.lang.Thread.run(Thread.java:748)
INFO  [error] Caused by: java.net.UnknownHostException: repo1.maven.org
INFO  [error] 	at java.net.AbstractPlainSocketImpl.connect(AbstractPlainSocketImpl.java:184)
INFO  [error] 	at java.net.PlainSocketImpl.connect(PlainSocketImpl.java:172)
INFO  [error] 	at java.net.SocksSocketImpl.connect(SocksSocketImpl.java:392)
INFO  [error] 	at java.net.Socket.connect(Socket.java:589)
INFO  [error] 	at sun.security.ssl.SSLSocketImpl.connect(SSLSocketImpl.java:666)
INFO  [error] 	at sun.security.ssl.BaseSSLSocketImpl.connect(BaseSSLSocketImpl.java:173)
INFO  [error] 	at sun.net.NetworkClient.doConnect(NetworkClient.java:180)
INFO  [error] 	at sun.net.www.http.HttpClient.openServer(HttpClient.java:463)
INFO  [error] 	at sun.net.www.http.HttpClient.openServer(HttpClient.java:558)
INFO  [error] 	at sun.net.www.protocol.https.HttpsClient.<init>(HttpsClient.java:264)
INFO  [error] 	at sun.net.www.protocol.https.HttpsClient.New(HttpsClient.java:367)
INFO  [error] 	at sun.net.www.protocol.https.AbstractDelegateHttpsURLConnection.getNewHttpClient(AbstractDelegateHttpsURLConnection.java:191)
INFO  [error] 	at sun.net.www.protocol.http.HttpURLConnection.plainConnect0(HttpURLConnection.java:1156)
INFO  [error] 	at sun.net.www.protocol.http.HttpURLConnection$6.run(HttpURLConnection.java:1040)
INFO  [error] 	at sun.net.www.protocol.http.HttpURLConnection$6.run(HttpURLConnection.java:1038)
INFO  [error] 	at java.security.AccessController.doPrivileged(Native Method)
INFO  [error] 	at java.security.AccessController.doPrivilegedWithCombiner(AccessController.java:782)
INFO  [error] 	at sun.net.www.protocol.http.HttpURLConnection.plainConnect(HttpURLConnection.java:1037)
INFO  [error] 	at sun.net.www.protocol.https.AbstractDelegateHttpsURLConnection.connect(AbstractDelegateHttpsURLConnection.java:177)
INFO  [error] 	at sun.net.www.protocol.http.HttpURLConnection.getInputStream0(HttpURLConnection.java:1564)
INFO  [error] 	at sun.net.www.protocol.http.HttpURLConnection.access$200(HttpURLConnection.java:91)
INFO  [error] 	at sun.net.www.protocol.http.HttpURLConnection$9.run(HttpURLConnection.java:1484)
INFO  [error] 	at sun.net.www.protocol.http.HttpURLConnection$9.run(HttpURLConnection.java:1482)
INFO  [error] 	at java.security.AccessController.doPrivileged(Native Method)
INFO  [error] 	at java.security.AccessController.doPrivilegedWithCombiner(AccessController.java:782)
INFO  [error] 	at sun.net.www.protocol.http.HttpURLConnection.getInputStream(HttpURLConnection.java:1481)
INFO  [error] 	at java.net.HttpURLConnection.getResponseCode(HttpURLConnection.java:480)
INFO  [error] 	at sun.net.www.protocol.https.HttpsURLConnectionImpl.getResponseCode(HttpsURLConnectionImpl.java:347)
INFO  [error] 	at lmcoursier.internal.shaded.coursier.cache.CacheUrl$.redirectTo(CacheUrl.scala:152)
INFO  [error] 	at lmcoursier.internal.shaded.coursier.cache.CacheUrl$.redirect(CacheUrl.scala:162)
INFO  [error] 	at lmcoursier.internal.shaded.coursier.cache.CacheUrl$.urlConnectionMaybePartial(CacheUrl.scala:304)
INFO  [error] 	at lmcoursier.internal.shaded.coursier.cache.CacheUrl$.urlConnectionMaybePartial(CacheUrl.scala:277)
INFO  [error] 	at lmcoursier.internal.shaded.coursier.cache.FileCache.$anonfun$download$33(FileCache.scala:347)
INFO  [error] 	at lmcoursier.internal.shaded.coursier.cache.FileCache$.$anonfun$downloading$1(FileCache.scala:996)
INFO  [error] 	at lmcoursier.internal.shaded.coursier.cache.CacheLocks$.withUrlLock(CacheLocks.scala:91)
INFO  [error] 	at lmcoursier.internal.shaded.coursier.cache.FileCache$.helper$2(FileCache.scala:996)
INFO  [error] 	at lmcoursier.internal.shaded.coursier.cache.FileCache$.coursier$cache$FileCache$$downloading(FileCache.scala:1029)
INFO  [error] 	at lmcoursier.internal.shaded.coursier.cache.FileCache.doDownload$1(FileCache.scala:318)
INFO  [error] 	at lmcoursier.internal.shaded.coursier.cache.FileCache.$anonfun$download$54(FileCache.scala:505)
INFO  [error] 	at lmcoursier.internal.shaded.coursier.cache.CacheLocks$.loop$1(CacheLocks.scala:53)
INFO  [error] 	at lmcoursier.internal.shaded.coursier.cache.CacheLocks$.withLockOr(CacheLocks.scala:76)
INFO  [error] 	at lmcoursier.internal.shaded.coursier.cache.FileCache.$anonfun$download$32(FileCache.scala:506)
INFO  [error] 	at scala.concurrent.Future$.$anonfun$apply$1(Future.scala:659)
INFO  [error] 	at scala.util.Success.$anonfun$map$1(Try.scala:255)
INFO  [error] 	at scala.util.Success.map(Try.scala:213)
INFO  [error] 	at scala.concurrent.Future.$anonfun$map$1(Future.scala:292)
INFO  [error] 	at scala.concurrent.impl.Promise.liftedTree1$1(Promise.scala:33)
INFO  [error] 	at scala.concurrent.impl.Promise.$anonfun$transform$1(Promise.scala:33)
INFO  [error] 	at scala.concurrent.impl.CallbackRunnable.run(Promise.scala:64)
INFO  [error] 	at java.util.concurrent.ThreadPoolExecutor.runWorker(ThreadPoolExecutor.java:1149)
INFO  [error] 	at java.util.concurrent.ThreadPoolExecutor$Worker.run(ThreadPoolExecutor.java:624)
INFO  [error] 	at java.lang.Thread.run(Thread.java:748)
INFO  [error] (updateClassifiers) lmcoursier.internal.shaded.coursier.error.FetchError$DownloadingArtifacts: Error fetching artifacts:
INFO  [error] https://repo1.maven.org/maven2/org/scala-sbt/test-interface/1.0/test-interface-1.0-sources.jar: download error: Caught java.net.UnknownHostException: repo1.maven.org (repo1.maven.org) while downloading https://repo1.maven.org/maven2/org/scala-sbt/test-interface/1.0/test-interface-1.0-sources.jar
INFO  [error] https://repo1.maven.org/maven2/com/google/errorprone/error_prone_annotations/2.3.2/error_prone_annotations-2.3.2-sources.jar: download error: Caught java.net.UnknownHostException: repo1.maven.org (repo1.maven.org) while downloading https://repo1.maven.org/maven2/com/google/errorprone/error_prone_annotations/2.3.2/error_prone_annotations-2.3.2-sources.jar
INFO  [error] https://repo1.maven.org/maven2/xml-apis/xml-apis/1.4.01/xml-apis-1.4.01-sources.jar: download error: Caught java.net.UnknownHostException: repo1.maven.org (repo1.maven.org) while downloading https://repo1.maven.org/maven2/xml-apis/xml-apis/1.4.01/xml-apis-1.4.01-sources.jar
INFO  [error] https://repo1.maven.org/maven2/net/sourceforge/htmlunit/htmlunit-cssparser/1.5.0/htmlunit-cssparser-1.5.0-sources.jar: download error: Caught java.net.UnknownHostException: repo1.maven.org (repo1.maven.org) while downloading https://repo1.maven.org/maven2/net/sourceforge/htmlunit/htmlunit-cssparser/1.5.0/htmlunit-cssparser-1.5.0-sources.jar
INFO  [error] https://repo1.maven.org/maven2/org/eclipse/jetty/websocket/websocket-client/9.4.20.v20190813/websocket-client-9.4.20.v20190813-sources.jar: download error: Caught java.net.UnknownHostException: repo1.maven.org (repo1.maven.org) while downloading https://repo1.maven.org/maven2/org/eclipse/jetty/websocket/websocket-client/9.4.20.v20190813/websocket-client-9.4.20.v20190813-sources.jar
INFO  [error] https://repo1.maven.org/maven2/com/fasterxml/jackson/module/jackson-module-parameter-names/2.10.1/jackson-module-parameter-names-2.10.1-sources.jar: download error: Caught java.net.UnknownHostException: repo1.maven.org (repo1.maven.org) while downloading https://repo1.maven.org/maven2/com/fasterxml/jackson/module/jackson-module-parameter-names/2.10.1/jackson-module-parameter-names-2.10.1-sources.jar
INFO  [error] https://repo1.maven.org/maven2/jakarta/activation/jakarta.activation-api/1.2.1/jakarta.activation-api-1.2.1-sources.jar: download error: Caught java.net.UnknownHostException: repo1.maven.org (repo1.maven.org) while downloading https://repo1.maven.org/maven2/jakarta/activation/jakarta.activation-api/1.2.1/jakarta.activation-api-1.2.1-sources.jar
INFO  [error] https://repo1.maven.org/maven2/com/typesafe/play/play-ws-standalone-xml_2.13/2.1.2/play-ws-standalone-xml_2.13-2.1.2-sources.jar: download error: Caught java.net.UnknownHostException: repo1.maven.org (repo1.maven.org) while downloading https://repo1.maven.org/maven2/com/typesafe/play/play-ws-standalone-xml_2.13/2.1.2/play-ws-standalone-xml_2.13-2.1.2-sources.jar
INFO  [error] https://repo1.maven.org/maven2/com/fasterxml/jackson/core/jackson-annotations/2.10.1/jackson-annotations-2.10.1-sources.jar: download error: Caught java.net.ConnectException: Connection timed out: connect (Connection timed out: connect) while downloading https://repo1.maven.org/maven2/com/fasterxml/jackson/core/jackson-annotations/2.10.1/jackson-annotations-2.10.1-sources.jar
INFO  [error] https://repo1.maven.org/maven2/junit/junit/4.12/junit-4.12-sources.jar: download error: Caught java.net.ConnectException: Connection timed out: connect (Connection timed out: connect) while downloading https://repo1.maven.org/maven2/junit/junit/4.12/junit-4.12-sources.jar
INFO  [error] https://repo1.maven.org/maven2/com/google/protobuf/protobuf-java/3.10.0/protobuf-java-3.10.0-sources.jar: download error: Caught java.net.ConnectException: Connection timed out: connect (Connection timed out: connect) while downloading https://repo1.maven.org/maven2/com/google/protobuf/protobuf-java/3.10.0/protobuf-java-3.10.0-sources.jar
INFO  [error] https://repo1.maven.org/maven2/com/typesafe/play/play-slick-evolutions_2.13/5.0.0/play-slick-evolutions_2.13-5.0.0-sources.jar: download error: Caught java.net.UnknownHostException: repo1.maven.org (repo1.maven.org) while downloading https://repo1.maven.org/maven2/com/typesafe/play/play-slick-evolutions_2.13/5.0.0/play-slick-evolutions_2.13-5.0.0-sources.jar
INFO  [error] https://repo1.maven.org/maven2/jakarta/transaction/jakarta.transaction-api/1.3.3/jakarta.transaction-api-1.3.3-sources.jar: download error: Caught java.net.ConnectException: Connection timed out: connect (Connection timed out: connect) while downloading https://repo1.maven.org/maven2/jakarta/transaction/jakarta.transaction-api/1.3.3/jakarta.transaction-api-1.3.3-sources.jar
INFO  [error] https://repo1.maven.org/maven2/com/google/j2objc/j2objc-annotations/1.3/j2objc-annotations-1.3-sources.jar: download error: Caught java.net.UnknownHostException: repo1.maven.org (repo1.maven.org) while downloading https://repo1.maven.org/maven2/com/google/j2objc/j2objc-annotations/1.3/j2objc-annotations-1.3-sources.jar
INFO  [error] https://repo1.maven.org/maven2/com/google/guava/guava/28.1-jre/guava-28.1-jre-sources.jar: download error: Caught java.net.ConnectException: Connection timed out: connect (Connection timed out: connect) while downloading https://repo1.maven.org/maven2/com/google/guava/guava/28.1-jre/guava-28.1-jre-sources.jar
INFO  [error] https://repo1.maven.org/maven2/org/seleniumhq/selenium/selenium-support/3.141.59/selenium-support-3.141.59-sources.jar: download error: Caught java.net.ConnectException: Connection timed out: connect (Connection timed out: connect) while downloading https://repo1.maven.org/maven2/org/seleniumhq/selenium/selenium-support/3.141.59/selenium-support-3.141.59-sources.jar
INFO  [error] https://repo1.maven.org/maven2/org/seleniumhq/selenium/selenium-remote-driver/3.141.59/selenium-remote-driver-3.141.59-sources.jar: download error: Caught java.net.UnknownHostException: repo1.maven.org (repo1.maven.org) while downloading https://repo1.maven.org/maven2/org/seleniumhq/selenium/selenium-remote-driver/3.141.59/selenium-remote-driver-3.141.59-sources.jar
INFO  [error] https://repo1.maven.org/maven2/com/typesafe/play/shaded-oauth/2.1.2/shaded-oauth-2.1.2-sources.jar: download error: Caught java.net.UnknownHostException: repo1.maven.org (repo1.maven.org) while downloading https://repo1.maven.org/maven2/com/typesafe/play/shaded-oauth/2.1.2/shaded-oauth-2.1.2-sources.jar
INFO  [error] https://repo1.maven.org/maven2/org/seleniumhq/selenium/selenium-safari-driver/3.141.59/selenium-safari-driver-3.141.59-sources.jar: download error: Caught java.net.UnknownHostException: repo1.maven.org (repo1.maven.org) while downloading https://repo1.maven.org/maven2/org/seleniumhq/selenium/selenium-safari-driver/3.141.59/selenium-safari-driver-3.141.59-sources.jar
INFO  [error] https://repo1.maven.org/maven2/com/novocode/junit-interface/0.11/junit-interface-0.11-sources.jar: download error: Caught java.net.UnknownHostException: repo1.maven.org (repo1.maven.org) while downloading https://repo1.maven.org/maven2/com/novocode/junit-interface/0.11/junit-interface-0.11-sources.jar
INFO  [error] https://repo1.maven.org/maven2/com/fasterxml/jackson/datatype/jackson-datatype-jdk8/2.10.1/jackson-datatype-jdk8-2.10.1-sources.jar: download error: Caught java.net.UnknownHostException: repo1.maven.org (repo1.maven.org) while downloading https://repo1.maven.org/maven2/com/fasterxml/jackson/datatype/jackson-datatype-jdk8/2.10.1/jackson-datatype-jdk8-2.10.1-sources.jar
INFO  [error] https://repo1.maven.org/maven2/org/eclipse/jetty/jetty-client/9.4.20.v20190813/jetty-client-9.4.20.v20190813-sources.jar: download error: Caught java.net.UnknownHostException: repo1.maven.org (repo1.maven.org) while downloading https://repo1.maven.org/maven2/org/eclipse/jetty/jetty-client/9.4.20.v20190813/jetty-client-9.4.20.v20190813-sources.jar
INFO  [error] https://repo1.maven.org/maven2/com/google/guava/failureaccess/1.0.1/failureaccess-1.0.1-sources.jar: download error: Caught java.net.UnknownHostException: repo1.maven.org (repo1.maven.org) while downloading https://repo1.maven.org/maven2/com/google/guava/failureaccess/1.0.1/failureaccess-1.0.1-sources.jar
INFO  [error] https://repo1.maven.org/maven2/xalan/xalan/2.7.2/xalan-2.7.2-sources.jar: download error: Caught java.net.UnknownHostException: repo1.maven.org (repo1.maven.org) while downloading https://repo1.maven.org/maven2/xalan/xalan/2.7.2/xalan-2.7.2-sources.jar
INFO  [error] https://repo1.maven.org/maven2/org/eclipse/jetty/jetty-xml/9.4.20.v20190813/jetty-xml-9.4.20.v20190813-sources.jar: download error: Caught java.net.UnknownHostException: repo1.maven.org (repo1.maven.org) while downloading https://repo1.maven.org/maven2/org/eclipse/jetty/jetty-xml/9.4.20.v20190813/jetty-xml-9.4.20.v20190813-sources.jar
INFO  [error] https://repo1.maven.org/maven2/com/typesafe/play/play-jdbc-evolutions_2.13/2.8.0/play-jdbc-evolutions_2.13-2.8.0-sources.jar: download error: Caught java.net.UnknownHostException: repo1.maven.org (repo1.maven.org) while downloading https://repo1.maven.org/maven2/com/typesafe/play/play-jdbc-evolutions_2.13/2.8.0/play-jdbc-evolutions_2.13-2.8.0-sources.jar
INFO  [error] https://repo1.maven.org/maven2/com/google/inject/guice/4.2.2/guice-4.2.2-sources.jar: download error: Caught java.net.UnknownHostException: repo1.maven.org (repo1.maven.org) while downloading https://repo1.maven.org/maven2/com/google/inject/guice/4.2.2/guice-4.2.2-sources.jar
INFO  [error] https://repo1.maven.org/maven2/org/eclipse/jetty/jetty-util/9.4.20.v20190813/jetty-util-9.4.20.v20190813-sources.jar: download error: Caught java.net.UnknownHostException: repo1.maven.org (repo1.maven.org) while downloading https://repo1.maven.org/maven2/org/eclipse/jetty/jetty-util/9.4.20.v20190813/jetty-util-9.4.20.v20190813-sources.jar
INFO  [error] https://repo1.maven.org/maven2/org/eclipse/jetty/websocket/websocket-api/9.4.20.v20190813/websocket-api-9.4.20.v20190813-sources.jar: download error: Caught java.net.UnknownHostException: repo1.maven.org (repo1.maven.org) while downloading https://repo1.maven.org/maven2/org/eclipse/jetty/websocket/websocket-api/9.4.20.v20190813/websocket-api-9.4.20.v20190813-sources.jar
INFO  [error] https://repo1.maven.org/maven2/org/seleniumhq/selenium/selenium-ie-driver/3.141.59/selenium-ie-driver-3.141.59-sources.jar: download error: Caught java.net.UnknownHostException: repo1.maven.org (repo1.maven.org) while downloading https://repo1.maven.org/maven2/org/seleniumhq/selenium/selenium-ie-driver/3.141.59/selenium-ie-driver-3.141.59-sources.jar
INFO  [error] https://repo1.maven.org/maven2/org/slf4j/jcl-over-slf4j/1.7.29/jcl-over-slf4j-1.7.29-sources.jar: download error: Caught java.net.UnknownHostException: repo1.maven.org (repo1.maven.org) while downloading https://repo1.maven.org/maven2/org/slf4j/jcl-over-slf4j/1.7.29/jcl-over-slf4j-1.7.29-sources.jar
INFO  [error] https://repo1.maven.org/maven2/com/fasterxml/jackson/datatype/jackson-datatype-jsr310/2.10.1/jackson-datatype-jsr310-2.10.1-sources.jar: download error: Caught java.net.UnknownHostException: repo1.maven.org (repo1.maven.org) while downloading https://repo1.maven.org/maven2/com/fasterxml/jackson/datatype/jackson-datatype-jsr310/2.10.1/jackson-datatype-jsr310-2.10.1-sources.jar
INFO  [error] https://repo1.maven.org/maven2/org/seleniumhq/selenium/selenium-api/3.141.59/selenium-api-3.141.59-sources.jar: download error: Caught java.net.UnknownHostException: repo1.maven.org (repo1.maven.org) while downloading https://repo1.maven.org/maven2/org/seleniumhq/selenium/selenium-api/3.141.59/selenium-api-3.141.59-sources.jar
INFO  [error] https://repo1.maven.org/maven2/com/typesafe/play/cachecontrol_2.13/2.0.0/cachecontrol_2.13-2.0.0-sources.jar: download error: Caught java.net.UnknownHostException: repo1.maven.org (repo1.maven.org) while downloading https://repo1.maven.org/maven2/com/typesafe/play/cachecontrol_2.13/2.0.0/cachecontrol_2.13-2.0.0-sources.jar
INFO  [error] https://repo1.maven.org/maven2/org/apache/httpcomponents/httpcore/4.4.11/httpcore-4.4.11-sources.jar: download error: Caught java.net.UnknownHostException: repo1.maven.org (repo1.maven.org) while downloading https://repo1.maven.org/maven2/org/apache/httpcomponents/httpcore/4.4.11/httpcore-4.4.11-sources.jar
INFO  [error] https://repo1.maven.org/maven2/com/typesafe/play/play-akka-http-server_2.13/2.8.0/play-akka-http-server_2.13-2.8.0-sources.jar: download error: Caught java.net.UnknownHostException: repo1.maven.org (repo1.maven.org) while downloading https://repo1.maven.org/maven2/com/typesafe/play/play-akka-http-server_2.13/2.8.0/play-akka-http-server_2.13-2.8.0-sources.jar
INFO  [error] https://repo1.maven.org/maven2/com/typesafe/ssl-config-core_2.13/0.4.1/ssl-config-core_2.13-0.4.1-sources.jar: download error: Caught java.net.UnknownHostException: repo1.maven.org (repo1.maven.org) while downloading https://repo1.maven.org/maven2/com/typesafe/ssl-config-core_2.13/0.4.1/ssl-config-core_2.13-0.4.1-sources.jar
INFO  [error] https://repo1.maven.org/maven2/org/seleniumhq/selenium/selenium-opera-driver/3.141.59/selenium-opera-driver-3.141.59-sources.jar: download error: Caught java.net.UnknownHostException: repo1.maven.org (repo1.maven.org) while downloading https://repo1.maven.org/maven2/org/seleniumhq/selenium/selenium-opera-driver/3.141.59/selenium-opera-driver-3.141.59-sources.jar
INFO  [error] https://repo1.maven.org/maven2/com/fasterxml/jackson/module/jackson-module-scala_2.13/2.10.1/jackson-module-scala_2.13-2.10.1-sources.jar: download error: Caught java.net.UnknownHostException: repo1.maven.org (repo1.maven.org) while downloading https://repo1.maven.org/maven2/com/fasterxml/jackson/module/jackson-module-scala_2.13/2.10.1/jackson-module-scala_2.13-2.10.1-sources.jar
INFO  [error] https://repo1.maven.org/maven2/org/apache/commons/commons-exec/1.3/commons-exec-1.3-sources.jar: download error: Caught java.net.UnknownHostException: repo1.maven.org (repo1.maven.org) while downloading https://repo1.maven.org/maven2/org/apache/commons/commons-exec/1.3/commons-exec-1.3-sources.jar
INFO  [error] https://repo1.maven.org/maven2/com/typesafe/play/play-logback_2.13/2.8.0/play-logback_2.13-2.8.0-sources.jar: download error: Caught java.net.UnknownHostException: repo1.maven.org (repo1.maven.org) while downloading https://repo1.maven.org/maven2/com/typesafe/play/play-logback_2.13/2.8.0/play-logback_2.13-2.8.0-sources.jar
INFO  [error] https://repo1.maven.org/maven2/com/google/inject/extensions/guice-assistedinject/4.2.2/guice-assistedinject-4.2.2-sources.jar: download error: Caught java.net.UnknownHostException: repo1.maven.org (repo1.maven.org) while downloading https://repo1.maven.org/maven2/com/google/inject/extensions/guice-assistedinject/4.2.2/guice-assistedinject-4.2.2-sources.jar
INFO  [error] https://repo1.maven.org/maven2/com/typesafe/play/play-functional_2.13/2.8.1/play-functional_2.13-2.8.1-sources.jar: download error: Caught java.net.UnknownHostException: repo1.maven.org (repo1.maven.org) while downloading https://repo1.maven.org/maven2/com/typesafe/play/play-functional_2.13/2.8.1/play-functional_2.13-2.8.1-sources.jar
INFO  [error] https://repo1.maven.org/maven2/org/scala-lang/modules/scala-collection-compat_2.13/2.0.0/scala-collection-compat_2.13-2.0.0-sources.jar: download error: Caught java.net.UnknownHostException: repo1.maven.org (repo1.maven.org) while downloading https://repo1.maven.org/maven2/org/scala-lang/modules/scala-collection-compat_2.13/2.0.0/scala-collection-compat_2.13-2.0.0-sources.jar
INFO  [error] https://repo1.maven.org/maven2/com/fasterxml/jackson/core/jackson-databind/2.10.1/jackson-databind-2.10.1-sources.jar: download error: Caught java.net.UnknownHostException: repo1.maven.org (repo1.maven.org) while downloading https://repo1.maven.org/maven2/com/fasterxml/jackson/core/jackson-databind/2.10.1/jackson-databind-2.10.1-sources.jar
INFO  [error] https://repo1.maven.org/maven2/com/zaxxer/HikariCP/3.2.0/HikariCP-3.2.0-sources.jar: download error: Caught java.net.UnknownHostException: repo1.maven.org (repo1.maven.org) while downloading https://repo1.maven.org/maven2/com/zaxxer/HikariCP/3.2.0/HikariCP-3.2.0-sources.jar
INFO  [error] https://repo1.maven.org/maven2/com/typesafe/play/play-test_2.13/2.8.0/play-test_2.13-2.8.0-sources.jar: download error: Caught java.net.UnknownHostException: repo1.maven.org (repo1.maven.org) while downloading https://repo1.maven.org/maven2/com/typesafe/play/play-test_2.13/2.8.0/play-test_2.13-2.8.0-sources.jar
INFO  [error] https://repo1.maven.org/maven2/javax/cache/cache-api/1.1.1/cache-api-1.1.1-sources.jar: download error: Caught java.net.UnknownHostException: repo1.maven.org (repo1.maven.org) while downloading https://repo1.maven.org/maven2/javax/cache/cache-api/1.1.1/cache-api-1.1.1-sources.jar
INFO  [error] https://repo1.maven.org/maven2/org/atteo/classindex/classindex/3.4/classindex-3.4-sources.jar: download error: Caught java.net.UnknownHostException: repo1.maven.org (repo1.maven.org) while downloading https://repo1.maven.org/maven2/org/atteo/classindex/classindex/3.4/classindex-3.4-sources.jar
INFO  [error] https://repo1.maven.org/maven2/com/typesafe/play/play-ws_2.13/2.8.0/play-ws_2.13-2.8.0-sources.jar: download error: Caught java.net.UnknownHostException: repo1.maven.org (repo1.maven.org) while downloading https://repo1.maven.org/maven2/com/typesafe/play/play-ws_2.13/2.8.0/play-ws_2.13-2.8.0-sources.jar
INFO  [error] https://repo1.maven.org/maven2/commons-net/commons-net/3.6/commons-net-3.6-sources.jar: download error: Caught java.net.UnknownHostException: repo1.maven.org (repo1.maven.org) while downloading https://repo1.maven.org/maven2/commons-net/commons-net/3.6/commons-net-3.6-sources.jar
INFO  [error] https://repo1.maven.org/maven2/org/slf4j/jul-to-slf4j/1.7.29/jul-to-slf4j-1.7.29-sources.jar: download error: Caught java.net.UnknownHostException: repo1.maven.org (repo1.maven.org) while downloading https://repo1.maven.org/maven2/org/slf4j/jul-to-slf4j/1.7.29/jul-to-slf4j-1.7.29-sources.jar
INFO  [error] https://repo1.maven.org/maven2/org/eclipse/jetty/jetty-io/9.4.20.v20190813/jetty-io-9.4.20.v20190813-sources.jar: download error: Caught java.net.UnknownHostException: repo1.maven.org (repo1.maven.org) while downloading https://repo1.maven.org/maven2/org/eclipse/jetty/jetty-io/9.4.20.v20190813/jetty-io-9.4.20.v20190813-sources.jar
INFO  [error] https://repo1.maven.org/maven2/com/thoughtworks/paranamer/paranamer/2.8/paranamer-2.8-sources.jar: download error: Caught java.net.UnknownHostException: repo1.maven.org (repo1.maven.org) while downloading https://repo1.maven.org/maven2/com/thoughtworks/paranamer/paranamer/2.8/paranamer-2.8-sources.jar
INFO  [error] https://repo1.maven.org/maven2/com/typesafe/akka/akka-actor_2.13/2.6.1/akka-actor_2.13-2.6.1-sources.jar: download error: Caught java.net.UnknownHostException: repo1.maven.org (repo1.maven.org) while downloading https://repo1.maven.org/maven2/com/typesafe/akka/akka-actor_2.13/2.6.1/akka-actor_2.13-2.6.1-sources.jar
INFO  [error] https://repo1.maven.org/maven2/org/reactivestreams/reactive-streams/1.0.3/reactive-streams-1.0.3-sources.jar: download error: Caught java.net.UnknownHostException: repo1.maven.org (repo1.maven.org) while downloading https://repo1.maven.org/maven2/org/reactivestreams/reactive-streams/1.0.3/reactive-streams-1.0.3-sources.jar
INFO  [error] https://repo1.maven.org/maven2/xalan/serializer/2.7.2/serializer-2.7.2-sources.jar: download error: Caught java.net.UnknownHostException: repo1.maven.org (repo1.maven.org) while downloading https://repo1.maven.org/maven2/xalan/serializer/2.7.2/serializer-2.7.2-sources.jar
INFO  [error] https://repo1.maven.org/maven2/com/typesafe/play/play-ws-standalone-json_2.13/2.1.2/play-ws-standalone-json_2.13-2.1.2-sources.jar: download error: Caught java.net.UnknownHostException: repo1.maven.org (repo1.maven.org) while downloading https://repo1.maven.org/maven2/com/typesafe/play/play-ws-standalone-json_2.13/2.1.2/play-ws-standalone-json_2.13-2.1.2-sources.jar
INFO  [error] https://repo1.maven.org/maven2/com/typesafe/akka/akka-serialization-jackson_2.13/2.6.1/akka-serialization-jackson_2.13-2.6.1-sources.jar: download error: Caught java.net.UnknownHostException: repo1.maven.org (repo1.maven.org) while downloading https://repo1.maven.org/maven2/com/typesafe/akka/akka-serialization-jackson_2.13/2.6.1/akka-serialization-jackson_2.13-2.6.1-sources.jar
INFO  [error] https://repo1.maven.org/maven2/com/typesafe/slick/slick-hikaricp_2.13/3.3.2/slick-hikaricp_2.13-3.3.2-sources.jar: download error: Caught java.net.UnknownHostException: repo1.maven.org (repo1.maven.org) while downloading https://repo1.maven.org/maven2/com/typesafe/slick/slick-hikaricp_2.13/3.3.2/slick-hikaricp_2.13-3.3.2-sources.jar
INFO  [error] https://repo1.maven.org/maven2/org/seleniumhq/selenium/selenium-chrome-driver/3.141.59/selenium-chrome-driver-3.141.59-sources.jar: download error: Caught java.net.UnknownHostException: repo1.maven.org (repo1.maven.org) while downloading https://repo1.maven.org/maven2/org/seleniumhq/selenium/selenium-chrome-driver/3.141.59/selenium-chrome-driver-3.141.59-sources.jar
INFO  [error] https://repo1.maven.org/maven2/com/typesafe/play/filters-helpers_2.13/2.8.0/filters-helpers_2.13-2.8.0-sources.jar: download error: Caught java.net.UnknownHostException: repo1.maven.org (repo1.maven.org) while downloading https://repo1.maven.org/maven2/com/typesafe/play/filters-helpers_2.13/2.8.0/filters-helpers_2.13-2.8.0-sources.jar
INFO  [error] https://repo1.maven.org/maven2/jakarta/xml/bind/jakarta.xml.bind-api/2.3.2/jakarta.xml.bind-api-2.3.2-sources.jar: download error: Caught java.net.UnknownHostException: repo1.maven.org (repo1.maven.org) while downloading https://repo1.maven.org/maven2/jakarta/xml/bind/jakarta.xml.bind-api/2.3.2/jakarta.xml.bind-api-2.3.2-sources.jar
INFO  [error] https://repo1.maven.org/maven2/org/seleniumhq/selenium/selenium-edge-driver/3.141.59/selenium-edge-driver-3.141.59-sources.jar: download error: Caught java.net.UnknownHostException: repo1.maven.org (repo1.maven.org) while downloading https://repo1.maven.org/maven2/org/seleniumhq/selenium/selenium-edge-driver/3.141.59/selenium-edge-driver-3.141.59-sources.jar
INFO  [error] https://repo1.maven.org/maven2/org/scala-lang/scala-reflect/2.13.1/scala-reflect-2.13.1-sources.jar: download error: Caught java.net.UnknownHostException: repo1.maven.org (repo1.maven.org) while downloading https://repo1.maven.org/maven2/org/scala-lang/scala-reflect/2.13.1/scala-reflect-2.13.1-sources.jar
INFO  [error] https://repo1.maven.org/maven2/com/fasterxml/jackson/dataformat/jackson-dataformat-cbor/2.10.1/jackson-dataformat-cbor-2.10.1-sources.jar: download error: Caught java.net.UnknownHostException: repo1.maven.org (repo1.maven.org) while downloading https://repo1.maven.org/maven2/com/fasterxml/jackson/dataformat/jackson-dataformat-cbor/2.10.1/jackson-dataformat-cbor-2.10.1-sources.jar
INFO  [error] https://repo1.maven.org/maven2/com/typesafe/play/play-json_2.13/2.8.1/play-json_2.13-2.8.1-sources.jar: download error: Caught java.net.UnknownHostException: repo1.maven.org (repo1.maven.org) while downloading https://repo1.maven.org/maven2/com/typesafe/play/play-json_2.13/2.8.1/play-json_2.13-2.8.1-sources.jar
INFO  [error] https://repo1.maven.org/maven2/org/apache/commons/commons-text/1.7/commons-text-1.7-sources.jar: download error: Caught java.net.UnknownHostException: repo1.maven.org (repo1.maven.org) while downloading https://repo1.maven.org/maven2/org/apache/commons/commons-text/1.7/commons-text-1.7-sources.jar
INFO  [error] https://repo1.maven.org/maven2/com/typesafe/akka/akka-parsing_2.13/10.1.11/akka-parsing_2.13-10.1.11-sources.jar: download error: Caught java.net.UnknownHostException: repo1.maven.org (repo1.maven.org) while downloading https://repo1.maven.org/maven2/com/typesafe/akka/akka-parsing_2.13/10.1.11/akka-parsing_2.13-10.1.11-sources.jar
INFO  [error] https://repo1.maven.org/maven2/org/codehaus/mojo/animal-sniffer-annotations/1.18/animal-sniffer-annotations-1.18-sources.jar: download error: Caught java.net.UnknownHostException: repo1.maven.org (repo1.maven.org) while downloading https://repo1.maven.org/maven2/org/codehaus/mojo/animal-sniffer-annotations/1.18/animal-sniffer-annotations-1.18-sources.jar
INFO  [error] https://repo1.maven.org/maven2/ch/qos/logback/logback-core/1.2.3/logback-core-1.2.3-sources.jar: download error: Caught java.net.UnknownHostException: repo1.maven.org (repo1.maven.org) while downloading https://repo1.maven.org/maven2/ch/qos/logback/logback-core/1.2.3/logback-core-1.2.3-sources.jar
INFO  [error] https://repo1.maven.org/maven2/net/sourceforge/htmlunit/neko-htmlunit/2.36.0/neko-htmlunit-2.36.0-sources.jar: download error: Caught java.net.UnknownHostException: repo1.maven.org (repo1.maven.org) while downloading https://repo1.maven.org/maven2/net/sourceforge/htmlunit/neko-htmlunit/2.36.0/neko-htmlunit-2.36.0-sources.jar
INFO  [error] https://repo1.maven.org/maven2/org/hamcrest/hamcrest-core/1.3/hamcrest-core-1.3-sources.jar: download error: Caught java.net.UnknownHostException: repo1.maven.org (repo1.maven.org) while downloading https://repo1.maven.org/maven2/org/hamcrest/hamcrest-core/1.3/hamcrest-core-1.3-sources.jar
INFO  [error] https://repo1.maven.org/maven2/xerces/xercesImpl/2.12.0/xercesImpl-2.12.0-sources.jar: download error: Caught java.net.UnknownHostException: repo1.maven.org (repo1.maven.org) while downloading https://repo1.maven.org/maven2/xerces/xercesImpl/2.12.0/xercesImpl-2.12.0-sources.jar
INFO  [error] https://repo1.maven.org/maven2/org/eclipse/jetty/websocket/websocket-common/9.4.20.v20190813/websocket-common-9.4.20.v20190813-sources.jar: download error: Caught java.net.UnknownHostException: repo1.maven.org (repo1.maven.org) while downloading https://repo1.maven.org/maven2/org/eclipse/jetty/websocket/websocket-common/9.4.20.v20190813/websocket-common-9.4.20.v20190813-sources.jar
INFO  [error] https://repo1.maven.org/maven2/com/squareup/okhttp3/okhttp/3.11.0/okhttp-3.11.0-sources.jar: download error: Caught java.net.UnknownHostException: repo1.maven.org (repo1.maven.org) while downloading https://repo1.maven.org/maven2/com/squareup/okhttp3/okhttp/3.11.0/okhttp-3.11.0-sources.jar
INFO  [error] https://repo1.maven.org/maven2/com/typesafe/slick/slick_2.13/3.3.2/slick_2.13-3.3.2-sources.jar: download error: Caught java.net.UnknownHostException: repo1.maven.org (repo1.maven.org) while downloading https://repo1.maven.org/maven2/com/typesafe/slick/slick_2.13/3.3.2/slick_2.13-3.3.2-sources.jar
INFO  [error] https://repo1.maven.org/maven2/com/typesafe/play/play-jdbc-api_2.13/2.8.0/play-jdbc-api_2.13-2.8.0-sources.jar: download error: Caught java.net.UnknownHostException: repo1.maven.org (repo1.maven.org) while downloading https://repo1.maven.org/maven2/com/typesafe/play/play-jdbc-api_2.13/2.8.0/play-jdbc-api_2.13-2.8.0-sources.jar
INFO  [error] https://repo1.maven.org/maven2/org/eclipse/jetty/jetty-http/9.4.20.v20190813/jetty-http-9.4.20.v20190813-sources.jar: download error: Caught java.net.UnknownHostException: repo1.maven.org (repo1.maven.org) while downloading https://repo1.maven.org/maven2/org/eclipse/jetty/jetty-http/9.4.20.v20190813/jetty-http-9.4.20.v20190813-sources.jar
INFO  [error] https://repo1.maven.org/maven2/org/scala-lang/scala-compiler/2.13.1/scala-compiler-2.13.1-sources.jar: download error: Caught java.net.UnknownHostException: repo1.maven.org (repo1.maven.org) while downloading https://repo1.maven.org/maven2/org/scala-lang/scala-compiler/2.13.1/scala-compiler-2.13.1-sources.jar
INFO  [error] https://repo1.maven.org/maven2/jline/jline/2.14.6/jline-2.14.6-sources.jar: download error: Caught java.net.UnknownHostException: repo1.maven.org (repo1.maven.org) while downloading https://repo1.maven.org/maven2/jline/jline/2.14.6/jline-2.14.6-sources.jar
INFO  [error] https://repo1.maven.org/maven2/org/fusesource/jansi/jansi/1.12/jansi-1.12-sources.jar: download error: Caught java.net.UnknownHostException: repo1.maven.org (repo1.maven.org) while downloading https://repo1.maven.org/maven2/org/fusesource/jansi/jansi/1.12/jansi-1.12-sources.jar
INFO  [error] https://repo1.maven.org/maven2/com/typesafe/play/play-doc_2.13/2.1.0/play-doc_2.13-2.1.0-sources.jar: download error: Caught java.net.UnknownHostException: repo1.maven.org (repo1.maven.org) while downloading https://repo1.maven.org/maven2/com/typesafe/play/play-doc_2.13/2.1.0/play-doc_2.13-2.1.0-sources.jar
INFO  [error] https://repo1.maven.org/maven2/org/pegdown/pegdown/1.6.0/pegdown-1.6.0-sources.jar: download error: Caught java.net.UnknownHostException: repo1.maven.org (repo1.maven.org) while downloading https://repo1.maven.org/maven2/org/pegdown/pegdown/1.6.0/pegdown-1.6.0-sources.jar
INFO  [error] https://repo1.maven.org/maven2/org/parboiled/parboiled-core/1.1.7/parboiled-core-1.1.7-sources.jar: download error: Caught java.net.UnknownHostException: repo1.maven.org (repo1.maven.org) while downloading https://repo1.maven.org/maven2/org/parboiled/parboiled-core/1.1.7/parboiled-core-1.1.7-sources.jar
INFO  [error] https://repo1.maven.org/maven2/org/ow2/asm/asm-util/5.0.3/asm-util-5.0.3-sources.jar: download error: Caught java.net.UnknownHostException: repo1.maven.org (repo1.maven.org) while downloading https://repo1.maven.org/maven2/org/ow2/asm/asm-util/5.0.3/asm-util-5.0.3-sources.jar
INFO  [error] https://repo1.maven.org/maven2/org/ow2/asm/asm/5.0.3/asm-5.0.3-sources.jar: download error: Caught java.net.UnknownHostException: repo1.maven.org (repo1.maven.org) while downloading https://repo1.maven.org/maven2/org/ow2/asm/asm/5.0.3/asm-5.0.3-sources.jar
INFO  [error] https://repo1.maven.org/maven2/com/typesafe/play/play-docs_2.13/2.8.0/play-docs_2.13-2.8.0-sources.jar: download error: Caught java.net.UnknownHostException: repo1.maven.org (repo1.maven.org) while downloading https://repo1.maven.org/maven2/com/typesafe/play/play-docs_2.13/2.8.0/play-docs_2.13-2.8.0-sources.jar
INFO  [error] https://repo1.maven.org/maven2/org/ow2/asm/asm-analysis/5.0.3/asm-analysis-5.0.3-sources.jar: download error: Caught java.net.UnknownHostException: repo1.maven.org (repo1.maven.org) while downloading https://repo1.maven.org/maven2/org/ow2/asm/asm-analysis/5.0.3/asm-analysis-5.0.3-sources.jar
INFO  [error] https://repo1.maven.org/maven2/org/ow2/asm/asm-tree/5.0.3/asm-tree-5.0.3-sources.jar: download error: Caught java.net.UnknownHostException: repo1.maven.org (repo1.maven.org) while downloading https://repo1.maven.org/maven2/org/ow2/asm/asm-tree/5.0.3/asm-tree-5.0.3-sources.jar
INFO  [error] https://repo1.maven.org/maven2/org/parboiled/parboiled-java/1.1.7/parboiled-java-1.1.7-sources.jar: download error: Caught java.net.UnknownHostException: repo1.maven.org (repo1.maven.org) while downloading https://repo1.maven.org/maven2/org/parboiled/parboiled-java/1.1.7/parboiled-java-1.1.7-sources.jar
INFO  [error] Total time: 109 s (01:49), completed Jan 17, 2020 12:41:54 PM
INFO  build tool exit: 1
INFO  time: ran 'sbt bloopInstall' in 7m15s
ERROR sbt command failed: C:\Program Files\Java\jdk1.8.0_201\bin\java -Djline.terminal=jline.UnsupportedTerminal -Dsbt.log.noformat=true -Dfile.encoding=UTF-8 -jar C:\Users\dell\AppData\Local\Temp\metals7839739694125466859\sbt-launch.jar set bloopExportJarClassifiers in Global := Some(Set("sources")) bloopInstall
WARN  no build target for: C:\Users\dell\Desktop\play\trek-app\trek\app\controllers\HomeController.scala
Jan 17, 2020 1:18:14 PM org.eclipse.lsp4j.jsonrpc.RemoteEndpoint handleCancellation
WARNING: Unmatched cancel notification for request id 418
Jan 17, 2020 1:18:15 PM org.eclipse.lsp4j.jsonrpc.RemoteEndpoint handleCancellation
WARNING: Unmatched cancel notification for request id 420
Jan 17, 2020 1:18:15 PM org.eclipse.lsp4j.jsonrpc.RemoteEndpoint handleCancellation
WARNING: Unmatched cancel notification for request id 423
Jan 17, 2020 1:18:15 PM org.eclipse.lsp4j.jsonrpc.RemoteEndpoint handleCancellation
WARNING: Unmatched cancel notification for request id 425
Jan 17, 2020 1:18:15 PM org.eclipse.lsp4j.jsonrpc.RemoteEndpoint handleCancellation
WARNING: Unmatched cancel notification for request id 426
Jan 17, 2020 1:18:15 PM org.eclipse.lsp4j.jsonrpc.RemoteEndpoint handleCancellation
WARNING: Unmatched cancel notification for request id 427
Jan 17, 2020 1:18:15 PM org.eclipse.lsp4j.jsonrpc.RemoteEndpoint handleCancellation
WARNING: Unmatched cancel notification for request id 428
Jan 17, 2020 1:18:15 PM org.eclipse.lsp4j.jsonrpc.RemoteEndpoint handleCancellation
WARNING: Unmatched cancel notification for request id 429
INFO  no build target: using presentation compiler with only scala-library
Jan 17, 2020 1:18:18 PM org.eclipse.lsp4j.jsonrpc.RemoteEndpoint handleCancellation
WARNING: Unmatched cancel notification for request id 436
WARN  no build target for: C:\Users\dell\Desktop\play\trek-app\trek\app\controllers\HomeController.scala
WARN  no build target for: C:\Users\dell\Desktop\play\trek-app\trek\app\controllers\HomeController.scala
WARN  no build target for: C:\Users\dell\Desktop\play\trek-app\trek\app\models\activity.scala
WARN  no build target for: C:\Users\dell\Desktop\play\trek-app\trek\app\models\type.scala
WARN  no build target for: C:\Users\dell\Desktop\play\trek-app\trek\app\models\trip.scala
Jan 17, 2020 1:25:01 PM org.eclipse.lsp4j.jsonrpc.RemoteEndpoint fallbackResponseError
SEVERE: Internal error: java.lang.InterruptedException
java.util.concurrent.CompletionException: java.lang.InterruptedException
	at java.util.concurrent.CompletableFuture.encodeThrowable(CompletableFuture.java:273)
	at java.util.concurrent.CompletableFuture.completeThrowable(CompletableFuture.java:280)
	at java.util.concurrent.CompletableFuture.uniAccept(CompletableFuture.java:659)
	at java.util.concurrent.CompletableFuture$UniAccept.tryFire(CompletableFuture.java:632)
	at java.util.concurrent.CompletableFuture.postComplete(CompletableFuture.java:474)
	at java.util.concurrent.CompletableFuture.complete(CompletableFuture.java:1962)
	at scala.meta.internal.metals.CancelTokens$.$anonfun$future$1(CancelTokens.scala:40)
	at scala.meta.internal.metals.CancelTokens$.$anonfun$future$1$adapted(CancelTokens.scala:36)
	at scala.concurrent.impl.CallbackRunnable.run(Promise.scala:64)
	at java.util.concurrent.ThreadPoolExecutor.runWorker(ThreadPoolExecutor.java:1149)
	at java.util.concurrent.ThreadPoolExecutor$Worker.run(ThreadPoolExecutor.java:624)
	at java.lang.Thread.run(Thread.java:748)
Caused by: java.lang.InterruptedException
	at scala.meta.internal.metals.FutureCancelToken.checkCanceled(FutureCancelToken.scala:27)
	at scala.meta.pc.OffsetParams.checkCanceled(OffsetParams.java:29)
	at scala.meta.internal.metals.CompilerOffsetParams.checkCanceled(CompilerOffsetParams.scala:7)
	at scala.meta.internal.pc.CompletionProvider.$anonfun$completions$1(CompletionProvider.scala:66)
	at scala.collection.Iterator$$anon$10.next(Iterator.scala:459)
	at scala.collection.Iterator.toStream(Iterator.scala:1415)
	at scala.collection.Iterator.toStream$(Iterator.scala:1414)
	at scala.collection.AbstractIterator.toStream(Iterator.scala:1429)
	at scala.collection.Iterator.$anonfun$toStream$1(Iterator.scala:1415)
	at scala.collection.immutable.Stream$Cons.tail(Stream.scala:1171)
	at scala.collection.immutable.Stream$Cons.tail(Stream.scala:1161)
	at scala.collection.immutable.StreamIterator.$anonfun$next$1(Stream.scala:1061)
	at scala.collection.immutable.StreamIterator$LazyCell.v$lzycompute(Stream.scala:1050)
	at scala.collection.immutable.StreamIterator$LazyCell.v(Stream.scala:1050)
	at scala.collection.immutable.StreamIterator.hasNext(Stream.scala:1055)
	at scala.collection.convert.Wrappers$IteratorWrapper.hasNext(Wrappers.scala:31)
	at org.eclipse.lsp4j.jsonrpc.json.adapters.CollectionTypeAdapter.write(CollectionTypeAdapter.java:134)
	at org.eclipse.lsp4j.jsonrpc.json.adapters.CollectionTypeAdapter.write(CollectionTypeAdapter.java:40)
	at com.google.gson.internal.bind.TypeAdapterRuntimeTypeWrapper.write(TypeAdapterRuntimeTypeWrapper.java:69)
	at com.google.gson.internal.bind.ReflectiveTypeAdapterFactory$1.write(ReflectiveTypeAdapterFactory.java:125)
	at com.google.gson.internal.bind.ReflectiveTypeAdapterFactory$Adapter.write(ReflectiveTypeAdapterFactory.java:243)
	at com.google.gson.Gson.toJson(Gson.java:669)
	at org.eclipse.lsp4j.jsonrpc.json.adapters.MessageTypeAdapter.write(MessageTypeAdapter.java:423)
	at org.eclipse.lsp4j.jsonrpc.json.adapters.MessageTypeAdapter.write(MessageTypeAdapter.java:55)
	at com.google.gson.Gson.toJson(Gson.java:669)
	at com.google.gson.Gson.toJson(Gson.java:648)
	at org.eclipse.lsp4j.jsonrpc.json.MessageJsonHandler.serialize(MessageJsonHandler.java:145)
	at org.eclipse.lsp4j.jsonrpc.json.MessageJsonHandler.serialize(MessageJsonHandler.java:140)
	at org.eclipse.lsp4j.jsonrpc.json.StreamMessageConsumer.consume(StreamMessageConsumer.java:59)
	at org.eclipse.lsp4j.jsonrpc.RemoteEndpoint.lambda$handleRequest$1(RemoteEndpoint.java:281)
	at java.util.concurrent.CompletableFuture.uniAccept(CompletableFuture.java:656)
	... 9 more

WARN  no build target for: C:\Users\dell\Desktop\play\trek-app\trek\app\models\activity.scala
Jan 17, 2020 1:25:23 PM org.eclipse.lsp4j.jsonrpc.RemoteEndpoint handleCancellation
WARNING: Unmatched cancel notification for request id 671
WARN  no build target for: C:\Users\dell\Desktop\play\trek-app\trek\app\models\activity.scala
Jan 17, 2020 1:25:23 PM org.eclipse.lsp4j.jsonrpc.RemoteEndpoint handleCancellation
WARNING: Unmatched cancel notification for request id 673
Jan 17, 2020 1:25:23 PM org.eclipse.lsp4j.jsonrpc.RemoteEndpoint handleCancellation
WARNING: Unmatched cancel notification for request id 675
Jan 17, 2020 1:25:23 PM org.eclipse.lsp4j.jsonrpc.RemoteEndpoint handleCancellation
WARNING: Unmatched cancel notification for request id 677
Jan 17, 2020 1:25:23 PM org.eclipse.lsp4j.jsonrpc.RemoteEndpoint handleCancellation
WARNING: Unmatched cancel notification for request id 676
Jan 17, 2020 1:25:23 PM org.eclipse.lsp4j.jsonrpc.RemoteEndpoint handleCancellation
WARNING: Unmatched cancel notification for request id 678
Jan 17, 2020 1:25:23 PM org.eclipse.lsp4j.jsonrpc.RemoteEndpoint handleCancellation
WARNING: Unmatched cancel notification for request id 679
Jan 17, 2020 1:25:23 PM org.eclipse.lsp4j.jsonrpc.RemoteEndpoint handleCancellation
WARNING: Unmatched cancel notification for request id 680
WARN  code navigation does not work for the file 'C:\Users\dell\Desktop\play\trek-app\trek\app\models\activity.scala' because it doesn't belong to a build target.
WARN  code navigation does not work for the file 'C:\Users\dell\Desktop\play\trek-app\trek\app\models\activity.scala' because it doesn't belong to a build target.
WARN  no build target for: C:\Users\dell\Desktop\play\trek-app\trek\app\models\activity.scala
something's wrong: no file:///c%3A/Users/dell/Desktop/play/trek-app/trek/app/models/type.scala in Array[<error>]RangePosition(file:///c%3A/Users/dell/Desktop/play/trek-app/trek/app/models/type.scala, 126, 126, 141)
something's wrong: no file:///c%3A/Users/dell/Desktop/play/trek-app/trek/app/models/type.scala in Array[<error>]RangePosition(file:///c%3A/Users/dell/Desktop/play/trek-app/trek/app/models/type.scala, 126, 126, 134)
something's wrong: no file:///c%3A/Users/dell/Desktop/play/trek-app/trek/app/models/type.scala in Array[<error>]RangePosition(file:///c%3A/Users/dell/Desktop/play/trek-app/trek/app/models/type.scala, 126, 126, 135)
something's wrong: no file:///c%3A/Users/dell/Desktop/play/trek-app/trek/app/models/type.scala in Array[<error>]RangePosition(file:///c%3A/Users/dell/Desktop/play/trek-app/trek/app/models/type.scala, 126, 126, 137)
something's wrong: no file:///c%3A/Users/dell/Desktop/play/trek-app/trek/app/models/type.scala in Array[String]RangePosition(file:///c%3A/Users/dell/Desktop/play/trek-app/trek/app/models/type.scala, 126, 126, 139)
something's wrong: no file:///c%3A/Users/dell/Desktop/play/trek-app/trek/app/models/type.scala in Array[String]RangePosition(file:///c%3A/Users/dell/Desktop/play/trek-app/trek/app/models/type.scala, 126, 126, 139)
something's wrong: no file:///c%3A/Users/dell/Desktop/play/trek-app/trek/app/models/type.scala in Array[String]RangePosition(file:///c%3A/Users/dell/Desktop/play/trek-app/trek/app/models/type.scala, 126, 126, 139)
WARN  no build target for: C:\Users\dell\Desktop\play\trek-app\trek\app\models\type.scala
WARN  no build target for: C:\Users\dell\Desktop\play\trek-app\trek\app\models\type.scala
WARN  no build target for: C:\Users\dell\Desktop\play\trek-app\trek\app\models\type.scala
WARN  code navigation does not work for the file 'C:\Users\dell\Desktop\play\trek-app\trek\app\models\type.scala' because it doesn't belong to a build target.
WARN  code navigation does not work for the file 'C:\Users\dell\Desktop\play\trek-app\trek\app\models\type.scala' because it doesn't belong to a build target.
WARN  code navigation does not work for the file 'C:\Users\dell\Desktop\play\trek-app\trek\app\models\type.scala' because it doesn't belong to a build target.
WARN  code navigation does not work for the file 'C:\Users\dell\Desktop\play\trek-app\trek\app\models\type.scala' because it doesn't belong to a build target.
WARN  no build target for: C:\Users\dell\Desktop\play\trek-app\trek\app\models\type.scala
WARN  no build target for: C:\Users\dell\Desktop\play\trek-app\trek\app\models\type.scala
WARN  no build target for: C:\Users\dell\Desktop\play\trek-app\trek\app\models\type.scala
WARN  code navigation does not work for the file 'C:\Users\dell\Desktop\play\trek-app\trek\app\models\type.scala' because it doesn't belong to a build target.
WARN  code navigation does not work for the file 'C:\Users\dell\Desktop\play\trek-app\trek\app\models\type.scala' because it doesn't belong to a build target.
WARN  no build target for: C:\Users\dell\Desktop\play\trek-app\trek\app\models\type.scala
WARN  no build target for: C:\Users\dell\Desktop\play\trek-app\trek\app\models\type.scala
WARN  no build target for: C:\Users\dell\Desktop\play\trek-app\trek\app\models\type.scala
WARN  no build target for: C:\Users\dell\Desktop\play\trek-app\trek\app\controllers\HomeController.scala
WARN  no build target for: C:\Users\dell\Desktop\play\trek-app\trek\app\controllers\HomeController.scala
WARN  code navigation does not work for the file 'C:\Users\dell\Desktop\play\trek-app\trek\app\controllers\HomeController.scala' because it doesn't belong to a build target.
WARN  code navigation does not work for the file 'C:\Users\dell\Desktop\play\trek-app\trek\app\controllers\HomeController.scala' because it doesn't belong to a build target.
WARN  no build target for: C:\Users\dell\Desktop\play\trek-app\trek\app\controllers\HomeController.scala
Jan 17, 2020 1:39:00 PM org.eclipse.lsp4j.jsonrpc.RemoteEndpoint handleCancellation
WARNING: Unmatched cancel notification for request id 1477
WARN  no build target for: C:\Users\dell\Desktop\play\trek-app\trek\app\controllers\HomeController.scala
Jan 17, 2020 1:39:01 PM org.eclipse.lsp4j.jsonrpc.RemoteEndpoint handleCancellation
WARNING: Unmatched cancel notification for request id 1490
Jan 17, 2020 1:39:01 PM org.eclipse.lsp4j.jsonrpc.RemoteEndpoint handleCancellation
WARNING: Unmatched cancel notification for request id 1495
Jan 17, 2020 1:39:01 PM org.eclipse.lsp4j.jsonrpc.RemoteEndpoint handleCancellation
WARNING: Unmatched cancel notification for request id 1499
WARN  no build target for: C:\Users\dell\Desktop\play\trek-app\trek\app\controllers\HomeController.scala
WARN  no build target for: C:\Users\dell\Desktop\play\trek-app\trek\app\controllers\HomeController.scala
WARN  no build target for: C:\Users\dell\Desktop\play\trek-app\trek\app\controllers\HomeController.scala
WARN  no build target for: C:\Users\dell\Desktop\play\trek-app\trek\app\controllers\HomeController.scala
WARN  no build target for: C:\Users\dell\Desktop\play\trek-app\trek\app\controllers\HomeController.scala
WARN  no build target for: C:\Users\dell\Desktop\play\trek-app\trek\app\controllers\HomeController.scala
WARN  no build target for: C:\Users\dell\Desktop\play\trek-app\trek\app\controllers\HomeController.scala
WARN  no build target for: C:\Users\dell\Desktop\play\trek-app\trek\app\controllers\HomeController.scala
WARN  no build target for: C:\Users\dell\Desktop\play\trek-app\trek\app\controllers\HomeController.scala
WARN  no build target for: C:\Users\dell\Desktop\play\trek-app\trek\app\controllers\HomeController.scala
WARN  no build target for: C:\Users\dell\Desktop\play\trek-app\trek\app\controllers\HomeController.scala
WARN  no build target for: C:\Users\dell\Desktop\play\trek-app\trek\app\controllers\HomeController.scala
WARN  no build target for: C:\Users\dell\Desktop\play\trek-app\trek\app\controllers\HomeController.scala
WARN  no build target for: C:\Users\dell\Desktop\play\trek-app\trek\app\controllers\ActivityController.scala
WARN  no build target for: C:\Users\dell\Desktop\play\trek-app\trek\app\controllers\TypesController.scala
WARN  no build target for: C:\Users\dell\Desktop\play\trek-app\trek\app\controllers\TripController.scala
WARN  no build target for: C:\Users\dell\Desktop\play\trek-app\trek\app\controllers\HomeController.scala
WARN  no build target for: C:\Users\dell\Desktop\play\trek-app\trek\app\controllers\HomeController.scala
WARN  no build target for: C:\Users\dell\Desktop\play\trek-app\trek\app\controllers\ActivityController.scala
WARN  no build target for: C:\Users\dell\Desktop\play\trek-app\trek\app\controllers\ActivityController.scala
WARN  no build target for: C:\Users\dell\Desktop\play\trek-app\trek\app\controllers\ActivityController.scala
WARN  no build target for: C:\Users\dell\Desktop\play\trek-app\trek\app\controllers\ActivityController.scala
WARN  no build target for: C:\Users\dell\Desktop\play\trek-app\trek\app\controllers\ActivityController.scala
WARN  no build target for: C:\Users\dell\Desktop\play\trek-app\trek\app\controllers\ActivityController.scala
WARN  no build target for: C:\Users\dell\Desktop\play\trek-app\trek\app\controllers\ActivityController.scala
WARN  no build target for: C:\Users\dell\Desktop\play\trek-app\trek\app\controllers\TypesController.scala
WARN  no build target for: C:\Users\dell\Desktop\play\trek-app\trek\app\controllers\TypesController.scala
WARN  no build target for: C:\Users\dell\Desktop\play\trek-app\trek\app\controllers\TypesController.scala
WARN  no build target for: C:\Users\dell\Desktop\play\trek-app\trek\app\controllers\TypesController.scala
WARN  no build target for: C:\Users\dell\Desktop\play\trek-app\trek\app\controllers\TripController.scala
WARN  no build target for: C:\Users\dell\Desktop\play\trek-app\trek\app\controllers\TripController.scala
WARN  no build target for: C:\Users\dell\Desktop\play\trek-app\trek\app\controllers\TripController.scala
WARN  no build target for: C:\Users\dell\Desktop\play\trek-app\trek\app\controllers\TripController.scala
WARN  no build target for: C:\Users\dell\Desktop\play\trek-app\trek\app\controllers\TripController.scala
WARN  no build target for: C:\Users\dell\Desktop\play\trek-app\trek\app\controllers\TripController.scala
WARN  no build target for: C:\Users\dell\Desktop\play\trek-app\trek\app\controllers\HomeController.scala
WARN  no build target for: C:\Users\dell\Desktop\play\trek-app\trek\app\controllers\ContactController.scala
WARN  no build target for: C:\Users\dell\Desktop\play\trek-app\trek\app\controllers\BlogController.scala
WARN  no build target for: C:\Users\dell\Desktop\play\trek-app\trek\app\controllers\BlogController.scala
Jan 17, 2020 3:21:23 PM org.eclipse.lsp4j.jsonrpc.RemoteEndpoint handleCancellation
WARNING: Unmatched cancel notification for request id 3785
WARN  no build target for: C:\Users\dell\Desktop\play\trek-app\trek\app\controllers\BlogController.scala
WARN  no build target for: C:\Users\dell\Desktop\play\trek-app\trek\app\controllers\ActivityController.scala
Jan 17, 2020 3:21:31 PM org.eclipse.lsp4j.jsonrpc.RemoteEndpoint fallbackResponseError
SEVERE: Internal error: java.lang.InterruptedException
java.util.concurrent.CompletionException: java.lang.InterruptedException
	at java.util.concurrent.CompletableFuture.encodeThrowable(CompletableFuture.java:273)
	at java.util.concurrent.CompletableFuture.completeThrowable(CompletableFuture.java:280)
	at java.util.concurrent.CompletableFuture.uniAccept(CompletableFuture.java:659)
	at java.util.concurrent.CompletableFuture$UniAccept.tryFire(CompletableFuture.java:632)
	at java.util.concurrent.CompletableFuture.postComplete(CompletableFuture.java:474)
	at java.util.concurrent.CompletableFuture.complete(CompletableFuture.java:1962)
	at scala.meta.internal.metals.CancelTokens$.$anonfun$future$1(CancelTokens.scala:40)
	at scala.meta.internal.metals.CancelTokens$.$anonfun$future$1$adapted(CancelTokens.scala:36)
	at scala.concurrent.impl.CallbackRunnable.run(Promise.scala:64)
	at java.util.concurrent.ThreadPoolExecutor.runWorker(ThreadPoolExecutor.java:1149)
	at java.util.concurrent.ThreadPoolExecutor$Worker.run(ThreadPoolExecutor.java:624)
	at java.lang.Thread.run(Thread.java:748)
Caused by: java.lang.InterruptedException
	at scala.meta.internal.metals.FutureCancelToken.checkCanceled(FutureCancelToken.scala:27)
	at scala.meta.pc.OffsetParams.checkCanceled(OffsetParams.java:29)
	at scala.meta.internal.metals.CompilerOffsetParams.checkCanceled(CompilerOffsetParams.scala:7)
	at scala.meta.internal.pc.CompletionProvider.$anonfun$completions$1(CompletionProvider.scala:66)
	at scala.collection.Iterator$$anon$10.next(Iterator.scala:459)
	at scala.collection.Iterator.toStream(Iterator.scala:1415)
	at scala.collection.Iterator.toStream$(Iterator.scala:1414)
	at scala.collection.AbstractIterator.toStream(Iterator.scala:1429)
	at scala.collection.Iterator.$anonfun$toStream$1(Iterator.scala:1415)
	at scala.collection.immutable.Stream$Cons.tail(Stream.scala:1171)
	at scala.collection.immutable.Stream$Cons.tail(Stream.scala:1161)
	at scala.collection.immutable.StreamIterator.$anonfun$next$1(Stream.scala:1061)
	at scala.collection.immutable.StreamIterator$LazyCell.v$lzycompute(Stream.scala:1050)
	at scala.collection.immutable.StreamIterator$LazyCell.v(Stream.scala:1050)
	at scala.collection.immutable.StreamIterator.hasNext(Stream.scala:1055)
	at scala.collection.convert.Wrappers$IteratorWrapper.hasNext(Wrappers.scala:31)
	at org.eclipse.lsp4j.jsonrpc.json.adapters.CollectionTypeAdapter.write(CollectionTypeAdapter.java:134)
	at org.eclipse.lsp4j.jsonrpc.json.adapters.CollectionTypeAdapter.write(CollectionTypeAdapter.java:40)
	at com.google.gson.internal.bind.TypeAdapterRuntimeTypeWrapper.write(TypeAdapterRuntimeTypeWrapper.java:69)
	at com.google.gson.internal.bind.ReflectiveTypeAdapterFactory$1.write(ReflectiveTypeAdapterFactory.java:125)
	at com.google.gson.internal.bind.ReflectiveTypeAdapterFactory$Adapter.write(ReflectiveTypeAdapterFactory.java:243)
	at com.google.gson.Gson.toJson(Gson.java:669)
	at org.eclipse.lsp4j.jsonrpc.json.adapters.MessageTypeAdapter.write(MessageTypeAdapter.java:423)
	at org.eclipse.lsp4j.jsonrpc.json.adapters.MessageTypeAdapter.write(MessageTypeAdapter.java:55)
	at com.google.gson.Gson.toJson(Gson.java:669)
	at com.google.gson.Gson.toJson(Gson.java:648)
	at org.eclipse.lsp4j.jsonrpc.json.MessageJsonHandler.serialize(MessageJsonHandler.java:145)
	at org.eclipse.lsp4j.jsonrpc.json.MessageJsonHandler.serialize(MessageJsonHandler.java:140)
	at org.eclipse.lsp4j.jsonrpc.json.StreamMessageConsumer.consume(StreamMessageConsumer.java:59)
	at org.eclipse.lsp4j.jsonrpc.RemoteEndpoint.lambda$handleRequest$1(RemoteEndpoint.java:281)
	at java.util.concurrent.CompletableFuture.uniAccept(CompletableFuture.java:656)
	... 9 more

WARN  no build target for: C:\Users\dell\Desktop\play\trek-app\trek\app\controllers\BlogController.scala
WARN  no build target for: C:\Users\dell\Desktop\play\trek-app\trek\app\controllers\BlogController.scala
WARN  no build target for: C:\Users\dell\Desktop\play\trek-app\trek\app\controllers\BlogController.scala
WARN  no build target for: C:\Users\dell\Desktop\play\trek-app\trek\app\controllers\ActivityController.scala
WARN  no build target for: C:\Users\dell\Desktop\play\trek-app\trek\app\controllers\ContactController.scala
Jan 17, 2020 3:27:39 PM org.eclipse.lsp4j.jsonrpc.RemoteEndpoint fallbackResponseError
SEVERE: Internal error: java.lang.IndexOutOfBoundsException: 1
java.util.concurrent.CompletionException: java.lang.IndexOutOfBoundsException: 1
	at java.util.concurrent.CompletableFuture.encodeThrowable(CompletableFuture.java:273)
	at java.util.concurrent.CompletableFuture.completeThrowable(CompletableFuture.java:280)
	at java.util.concurrent.CompletableFuture.uniAccept(CompletableFuture.java:659)
	at java.util.concurrent.CompletableFuture$UniAccept.tryFire(CompletableFuture.java:632)
	at java.util.concurrent.CompletableFuture.postComplete(CompletableFuture.java:474)
	at java.util.concurrent.CompletableFuture.complete(CompletableFuture.java:1962)
	at scala.meta.internal.metals.CancelTokens$.$anonfun$future$1(CancelTokens.scala:40)
	at scala.meta.internal.metals.CancelTokens$.$anonfun$future$1$adapted(CancelTokens.scala:36)
	at scala.concurrent.impl.CallbackRunnable.run(Promise.scala:64)
	at java.util.concurrent.ThreadPoolExecutor.runWorker(ThreadPoolExecutor.java:1149)
	at java.util.concurrent.ThreadPoolExecutor$Worker.run(ThreadPoolExecutor.java:624)
	at java.lang.Thread.run(Thread.java:748)
Caused by: java.lang.IndexOutOfBoundsException: 1
	at scala.reflect.internal.util.BatchSourceFile.lineToOffset(SourceFile.scala:186)
	at scala.meta.internal.pc.AutoImports.autoImportPosition(AutoImports.scala:66)
	at scala.meta.internal.pc.AutoImports.autoImportPosition$(AutoImports.scala:40)
	at scala.meta.internal.pc.MetalsGlobal.autoImportPosition(MetalsGlobal.scala:25)
	at scala.meta.internal.pc.CompletionProvider.importPosition$lzycompute$1(CompletionProvider.scala:62)
	at scala.meta.internal.pc.CompletionProvider.importPosition$1(CompletionProvider.scala:62)
	at scala.meta.internal.pc.CompletionProvider.$anonfun$completions$1(CompletionProvider.scala:134)
	at scala.collection.Iterator$$anon$10.next(Iterator.scala:459)
	at scala.collection.Iterator.toStream(Iterator.scala:1415)
	at scala.collection.Iterator.toStream$(Iterator.scala:1414)
	at scala.collection.AbstractIterator.toStream(Iterator.scala:1429)
	at scala.collection.Iterator.$anonfun$toStream$1(Iterator.scala:1415)
	at scala.collection.immutable.Stream$Cons.tail(Stream.scala:1171)
	at scala.collection.immutable.Stream$Cons.tail(Stream.scala:1161)
	at scala.collection.immutable.StreamIterator.$anonfun$next$1(Stream.scala:1061)
	at scala.collection.immutable.StreamIterator$LazyCell.v$lzycompute(Stream.scala:1050)
	at scala.collection.immutable.StreamIterator$LazyCell.v(Stream.scala:1050)
	at scala.collection.immutable.StreamIterator.hasNext(Stream.scala:1055)
	at scala.collection.convert.Wrappers$IteratorWrapper.hasNext(Wrappers.scala:31)
	at org.eclipse.lsp4j.jsonrpc.json.adapters.CollectionTypeAdapter.write(CollectionTypeAdapter.java:134)
	at org.eclipse.lsp4j.jsonrpc.json.adapters.CollectionTypeAdapter.write(CollectionTypeAdapter.java:40)
	at com.google.gson.internal.bind.TypeAdapterRuntimeTypeWrapper.write(TypeAdapterRuntimeTypeWrapper.java:69)
	at com.google.gson.internal.bind.ReflectiveTypeAdapterFactory$1.write(ReflectiveTypeAdapterFactory.java:125)
	at com.google.gson.internal.bind.ReflectiveTypeAdapterFactory$Adapter.write(ReflectiveTypeAdapterFactory.java:243)
	at com.google.gson.Gson.toJson(Gson.java:669)
	at org.eclipse.lsp4j.jsonrpc.json.adapters.MessageTypeAdapter.write(MessageTypeAdapter.java:423)
	at org.eclipse.lsp4j.jsonrpc.json.adapters.MessageTypeAdapter.write(MessageTypeAdapter.java:55)
	at com.google.gson.Gson.toJson(Gson.java:669)
	at com.google.gson.Gson.toJson(Gson.java:648)
	at org.eclipse.lsp4j.jsonrpc.json.MessageJsonHandler.serialize(MessageJsonHandler.java:145)
	at org.eclipse.lsp4j.jsonrpc.json.MessageJsonHandler.serialize(MessageJsonHandler.java:140)
	at org.eclipse.lsp4j.jsonrpc.json.StreamMessageConsumer.consume(StreamMessageConsumer.java:59)
	at org.eclipse.lsp4j.jsonrpc.RemoteEndpoint.lambda$handleRequest$1(RemoteEndpoint.java:281)
	at java.util.concurrent.CompletableFuture.uniAccept(CompletableFuture.java:656)
	... 9 more

WARN  no build target for: C:\Users\dell\Desktop\play\trek-app\trek\app\controllers\ContactController.scala
WARN  no build target for: C:\Users\dell\Desktop\play\trek-app\trek\app\controllers\ContactController.scala
WARN  no build target for: C:\Users\dell\Desktop\play\trek-app\trek\app\controllers\ContactController.scala
WARN  no build target for: C:\Users\dell\Desktop\play\trek-app\trek\app\controllers\ContactController.scala
WARN  no build target for: C:\Users\dell\Desktop\play\trek-app\trek\app\controllers\ContactController.scala
WARN  no build target for: C:\Users\dell\Desktop\play\trek-app\trek\app\controllers\BlogController.scala
WARN  no build target for: C:\Users\dell\Desktop\play\trek-app\trek\app\controllers\HomeController.scala
WARN  no build target for: C:\Users\dell\Desktop\play\trek-app\trek\app\controllers\AuthController.scala
WARN  no build target for: C:\Users\dell\Desktop\play\trek-app\trek\app\controllers\AuthController.scala
WARN  no build target for: C:\Users\dell\Desktop\play\trek-app\trek\app\controllers\AuthController.scala
WARN  no build target for: C:\Users\dell\Desktop\play\trek-app\trek\app\controllers\AuthController.scala
WARN  no build target for: C:\Users\dell\Desktop\play\trek-app\trek\app\controllers\AuthController.scala
WARN  no build target for: C:\Users\dell\Desktop\play\trek-app\trek\app\controllers\AuthController.scala
WARN  no build target for: C:\Users\dell\Desktop\play\trek-app\trek\app\controllers\AuthController.scala
WARN  no build target for: C:\Users\dell\Desktop\play\trek-app\trek\app\controllers\AuthController.scala
WARN  no build target for: C:\Users\dell\Desktop\play\trek-app\trek\app\controllers\AuthController.scala
WARN  no build target for: C:\Users\dell\Desktop\play\trek-app\trek\app\controllers\AuthController.scala
WARN  no build target for: C:\Users\dell\Desktop\play\trek-app\trek\app\controllers\AuthController.scala
INFO  shutting down Metals
